Log file open, 03/14/17 20:29:21
LogInit:Display: Running engine for game: BoulderGame
LogPlatformFile: Not using cached read wrapper
LogInit:Display: RandInit(-1791016506) SRandInit(-1791016506).
LogTaskGraph: Started task graph with 5 named threads and 6 total threads with 1 sets of task threads.
LogStats: Stats thread started at 0.097076
LogInit: Using libcurl 7.47.1
LogInit:  - built for x86_64-pc-win32
LogInit:  - supports SSL with OpenSSL/1.0.2g
LogInit:  - supports HTTP deflate (compression) using libz 1.2.8
LogInit:  - other features:
LogInit:      CURL_VERSION_SSL
LogInit:      CURL_VERSION_LIBZ
LogInit:      CURL_VERSION_IPV6
LogInit:      CURL_VERSION_ASYNCHDNS
LogInit:      CURL_VERSION_LARGEFILE
LogInit:      CURL_VERSION_IDN
LogInit:  CurlRequestOptions (configurable via config and command line):
LogInit:  - bVerifyPeer = false  - Libcurl will NOT verify peer certificate
LogInit:  - bUseHttpProxy = false  - Libcurl will NOT use HTTP proxy
LogInit:  - bDontReuseConnections = false  - Libcurl will reuse connections
LogInit:  - CertBundlePath = nullptr  - Libcurl will use whatever was configured at build time.
LogInit: Build: ++UE4+Release-4.15-CL-3299760
LogInit: Engine Version: 4.15.0-3299760+++UE4+Release-4.15
LogInit: Compatible Engine Version: 4.15.0-3299760+++UE4+Release-4.15
LogInit: Net CL: 3299760
LogDevObjectVersion: Number of dev versions registered: 14
LogDevObjectVersion:   Dev-Blueprints (B0D832E4-1F89-4F0D-ACCF-7EB736FD4AA2): 8
LogDevObjectVersion:   Dev-Build (E1C64328-A22C-4D53-A36C-8E866417BD8C): 0
LogDevObjectVersion:   Dev-Core (375EC13C-06E4-48FB-B500-84F0262A717E): 2
LogDevObjectVersion:   Dev-Editor (E4B068ED-F494-42E9-A231-DA0B2E46BB41): 14
LogDevObjectVersion:   Dev-Framework (CFFC743F-43B0-4480-9391-14DF171D2073): 22
LogDevObjectVersion:   Dev-Mobile (B02B49B5-BB20-44E9-A304-32B752E40360): 0
LogDevObjectVersion:   Dev-Networking (A4E4105C-59A1-49B5-A7C5-40C4547EDFEE): 0
LogDevObjectVersion:   Dev-Online (39C831C9-5AE6-47DC-9A44-9C173E1C8E7C): 0
LogDevObjectVersion:   Dev-Physics (78F01B33-EBEA-4F98-B9B4-84EACCB95AA2): 0
LogDevObjectVersion:   Dev-Platform (6631380F-2D4D-43E0-8009-CF276956A95A): 0
LogDevObjectVersion:   Dev-Rendering (12F88B9F-8875-4AFC-A67C-D90C383ABD29): 12
LogDevObjectVersion:   Dev-Sequencer (7B5AE74C-D270-4C10-A958-57980B212A5A): 3
LogDevObjectVersion:   Dev-VR (D7296918-1DD6-4BDD-9DE2-64A83CC13884): 0
LogDevObjectVersion:   Dev-LoadTimes (C2A15278-BFE7-4AFE-6C17-90FF531DF755): 1
LogInit: Compiled (64-bit): Feb 14 2017 02:04:14
LogInit: Compiled with Visual C++: 19.00.23026.00
LogInit: Build Configuration: Development
LogInit: Branch Name: ++UE4+Release-4.15
LogInit: Command line: -EpicPortal 
LogInit: Base directory: D:/UE_4.15/Engine/Binaries/Win64/
LogInit: Installed Engine Build: 1
LogInit: Presizing for max 8388607 objects, including 0 objects not considered by GC, pre-allocating 0 bytes for permanent pool.
LogInit: Object subsystem initialized
[2017.03.14-19.29.22:943][  0]LogInit: Selected Device Profile: [Windows]
[2017.03.14-19.29.22:943][  0]LogInit: Applying CVar settings loaded from the selected device profile: [Windows]
[2017.03.14-19.29.22:968][  0]LogInit: Computer: ALEKSANDARPC
[2017.03.14-19.29.22:968][  0]LogInit: User: Korisnik
[2017.03.14-19.29.22:968][  0]LogInit: CPU Page size=65536, Cores=2
[2017.03.14-19.29.22:968][  0]LogInit: High frequency timer resolution =2.924423 MHz
[2017.03.14-19.29.22:969][  0]LogMemory: Memory total: Physical=7.9GB (8GB approx)
[2017.03.14-19.29.22:969][  0]LogMemory: Platform Memory Stats for Windows
[2017.03.14-19.29.22:969][  0]LogMemory: Process Physical Memory: 263.92 MB used, 263.92 MB peak
[2017.03.14-19.29.22:969][  0]LogMemory: Process Virtual Memory: 264.53 MB used, 264.53 MB peak
[2017.03.14-19.29.22:969][  0]LogMemory: Physical Memory: 4798.19 MB used,  3338.47 MB free, 8136.66 MB total
[2017.03.14-19.29.22:969][  0]LogMemory: Virtual Memory: 631.54 MB used,  3338.47 MB free, 8388608.00 MB total
[2017.03.14-19.29.23:139][  0]LogTextLocalizationManager: No translations for ('sr-Latn-RS') exist, falling back to 'en' for localization and internationalization data.
[2017.03.14-19.29.24:277][  0]LogD3D11RHI: D3D11 adapters:
[2017.03.14-19.29.24:297][  0]LogD3D11RHI:    0. 'AMD Radeon R7 200 Series' (Feature Level 11_0)
[2017.03.14-19.29.24:297][  0]LogD3D11RHI:       1003/0/3812 MB DedicatedVideo/DedicatedSystem/SharedSystem, Outputs:1, VendorId:0x1002
[2017.03.14-19.29.24:297][  0]LogD3D11RHI: Chosen D3D11 Adapter: 0
[2017.03.14-19.29.24:307][  0]LogD3D11RHI: Creating new Direct3DDevice
[2017.03.14-19.29.24:307][  0]LogD3D11RHI:     GPU DeviceId: 0x683f (for the marketing name, search the web for "GPU Device Id")
[2017.03.14-19.29.24:307][  0]LogWindows: EnumDisplayDevices:
[2017.03.14-19.29.24:308][  0]LogWindows:    0. 'AMD Radeon R7 200 Series' (P:1 D:1)
[2017.03.14-19.29.24:308][  0]LogWindows:    1. 'AMD Radeon R7 200 Series' (P:0 D:0)
[2017.03.14-19.29.24:309][  0]LogWindows:    2. 'AMD Radeon R7 200 Series' (P:0 D:0)
[2017.03.14-19.29.24:309][  0]LogWindows:    3. 'AMD Radeon R7 200 Series' (P:0 D:0)
[2017.03.14-19.29.24:309][  0]LogWindows:    4. 'RDPDD Chained DD' (P:0 D:0)
[2017.03.14-19.29.24:310][  0]LogWindows:    5. 'RDP Encoder Mirror Driver' (P:0 D:0)
[2017.03.14-19.29.24:311][  0]LogWindows:    6. 'RDP Reflector Display Driver' (P:0 D:0)
[2017.03.14-19.29.24:311][  0]LogWindows: DebugString: GetVideoDriverDetailsInvalid PrimaryIsNotTheChoosenAdapter GetVideoDriverDetailsInvalid PrimaryIsNotTheChoosenAdapter GetVideoDriverDetailsInvalid PrimaryIsNotTheChoosenAdapter FoundDriverCount:4 
[2017.03.14-19.29.24:311][  0]LogD3D11RHI:     Adapter Name: AMD Radeon R7 200 Series
[2017.03.14-19.29.24:311][  0]LogD3D11RHI:   Driver Version: Catalyst 15.6 Beta (internal:14.502.1014.1001, unified:14.502.1014.1001)
[2017.03.14-19.29.24:311][  0]LogD3D11RHI:      Driver Date: 6-19-2015
[2017.03.14-19.29.24:311][  0]LogRHI: Texture pool is 702 MB (70% of 1003 MB)
[2017.03.14-19.29.24:357][  0]LogD3D11RHI: Async texture creation enabled
[2017.03.14-19.29.24:371][  0]LogD3D11RHI: GPU Timing Frequency: 27.000000 (Debug: 2 1)
[2017.03.14-19.29.24:372][  0]LogShaderCompilers: Guid format shader working directory is -9 characters bigger than the processId version (C:/Users/Korisnik/Documents/GitHub/BoulderGame/BoulderGame/Intermediate/Shaders/WorkingDirectory/4604/).
[2017.03.14-19.29.24:372][  0]LogShaderCompilers: Cleaned the shader compiler working directory 'C:/Users/Korisnik/AppData/Local/Temp/UnrealShaderWorkingDir/0C9C55834A7BE112EF370192BB3C3E37/'.
[2017.03.14-19.29.24:372][  0]LogShaderCompilers:Display: Using Local Shader Compiler.
[2017.03.14-19.29.26:584][  0]LogTemp:Display: Loaded TP AllDesktopTargetPlatform
[2017.03.14-19.29.26:685][  0]LogTemp:Display: Loaded TP MacClientTargetPlatform
[2017.03.14-19.29.26:787][  0]LogTemp:Display: Loaded TP MacNoEditorTargetPlatform
[2017.03.14-19.29.26:896][  0]LogTemp:Display: Loaded TP MacServerTargetPlatform
[2017.03.14-19.29.27:026][  0]LogTemp:Display: Loaded TP MacTargetPlatform
[2017.03.14-19.29.27:144][  0]LogTemp:Display: Loaded TP WindowsClientTargetPlatform
[2017.03.14-19.29.27:258][  0]LogTemp:Display: Loaded TP WindowsNoEditorTargetPlatform
[2017.03.14-19.29.27:362][  0]LogTemp:Display: Loaded TP WindowsServerTargetPlatform
[2017.03.14-19.29.27:451][  0]LogTemp:Display: Loaded TP WindowsTargetPlatform
[2017.03.14-19.29.27:565][  0]LogTemp:Display: Loaded TP AndroidTargetPlatform
[2017.03.14-19.29.27:675][  0]LogTemp:Display: Loaded TP Android_ASTCTargetPlatform
[2017.03.14-19.29.27:774][  0]LogTemp:Display: Loaded TP Android_ATCTargetPlatform
[2017.03.14-19.29.27:875][  0]LogTemp:Display: Loaded TP Android_DXTTargetPlatform
[2017.03.14-19.29.27:979][  0]LogTemp:Display: Loaded TP Android_ETC1TargetPlatform
[2017.03.14-19.29.28:077][  0]LogTemp:Display: Loaded TP Android_ETC2TargetPlatform
[2017.03.14-19.29.28:273][  0]LogTemp:Display: Loaded TP Android_MultiTargetPlatform
[2017.03.14-19.29.28:273][  0]LogTemp:Display: Loaded TP Android_PVRTCTargetPlatform
[2017.03.14-19.29.28:344][  0]LogTemp:Display: Loaded TP HTML5TargetPlatform
[2017.03.14-19.29.28:503][  0]LogTemp:Display: Loaded TP IOSTargetPlatform
[2017.03.14-19.29.28:561][  0]LogTemp:Display: Loaded TP TVOSTargetPlatform
[2017.03.14-19.29.28:663][  0]LogTemp:Display: Loaded TP LinuxClientTargetPlatform
[2017.03.14-19.29.28:767][  0]LogTemp:Display: Loaded TP LinuxNoEditorTargetPlatform
[2017.03.14-19.29.28:874][  0]LogTemp:Display: Loaded TP LinuxServerTargetPlatform
[2017.03.14-19.29.28:979][  0]LogTemp:Display: Loaded TP LinuxTargetPlatform
[2017.03.14-19.29.28:979][  0]LogTargetPlatformManager:Display: Building Assets For Windows
[2017.03.14-19.29.29:813][  0]LogDerivedDataCache:Display: Max Cache Size: 512 MB
[2017.03.14-19.29.29:926][  0]LogDerivedDataCache: Loaded boot cache 0.11s 50MB C:/Users/Korisnik/AppData/Local/UnrealEngine/4.15/DerivedDataCache/Boot.ddc.
[2017.03.14-19.29.29:927][  0]LogDerivedDataCache:Display: Loaded Boot cache: C:/Users/Korisnik/AppData/Local/UnrealEngine/4.15/DerivedDataCache/Boot.ddc
[2017.03.14-19.29.29:927][  0]LogDerivedDataCache: FDerivedDataBackendGraph:  Pak pak cache file C:/Users/Korisnik/Documents/GitHub/BoulderGame/BoulderGame/DerivedDataCache/DDC.ddp not found, will not use a pak cache.
[2017.03.14-19.29.29:927][  0]LogDerivedDataCache: Unable to find inner node Pak for hierarchical cache Hierarchy.
[2017.03.14-19.29.29:927][  0]LogDerivedDataCache: FDerivedDataBackendGraph:  CompressedPak pak cache file C:/Users/Korisnik/Documents/GitHub/BoulderGame/BoulderGame/DerivedDataCache/Compressed.ddp not found, will not use a pak cache.
[2017.03.14-19.29.29:927][  0]LogDerivedDataCache: Unable to find inner node CompressedPak for hierarchical cache Hierarchy.
[2017.03.14-19.29.29:956][  0]LogDerivedDataCache:Display: Pak cache opened for reading ../../../Engine/DerivedDataCache/Compressed.ddp.
[2017.03.14-19.29.29:968][  0]LogDerivedDataCache: Using Local data cache path C:/Users/Korisnik/AppData/Local/UnrealEngine/Common/DerivedDataCache: Writable
[2017.03.14-19.29.29:984][  0]LogSlate: Using Freetype 2.6.0
[2017.03.14-19.29.29:985][  0]LogSlate: SlateFontCache - WITH_FREETYPE: 1, WITH_HARFBUZZ: 1
[2017.03.14-19.29.29:985][  0]LogSlate: SlateFontCache - WITH_FREETYPE: 1, WITH_HARFBUZZ: 1
[2017.03.14-19.29.30:510][  0]LogInit: Selected Device Profile: [Windows]
[2017.03.14-19.29.30:515][  0]LogContentStreaming: Texture pool size is 0.00 MB
[2017.03.14-19.29.30:887][  0]LogMeshUtilities: Using QuadricMeshReduction for automatic static mesh reduction
[2017.03.14-19.29.30:978][  0]LogSimplygon: Simplygon DLL not present - disabling.
[2017.03.14-19.29.31:070][  0]LogMeshUtilities: Using SimplygonSwarm for distributed automatic mesh merging
[2017.03.14-19.29.31:070][  0]LogMeshUtilities: No automatic skeletal mesh reduction module available
[2017.03.14-19.29.31:070][  0]LogMeshUtilities: No automatic mesh merging module available
[2017.03.14-19.29.32:012][  0]LogNetVersion: GetLocalNetworkVersion: CL: 3299760, ProjectName: bouldergame, ProjectVersion: , EngineNetworkVersion: 2, GameNetworkVersion: 0, NetworkChecksum: 1810393528
[2017.03.14-19.29.32:067][  0]LogAssetRegistry: FAssetRegistry took 0.0198 seconds to start up
[2017.03.14-19.29.32:191][  0]LogPackageLocalizationCache: Processed 3 localized package path(s) for 1 prioritized culture(s) in 0.091003 seconds
[2017.03.14-19.29.32:203][  0]LogUObjectArray: 32475 objects as part of root set at end of initial load.
[2017.03.14-19.29.32:203][  0]LogUObjectAllocator: 7073368 out of 0 bytes used by permanent object pool.
[2017.03.14-19.29.32:203][  0]LogUObjectArray: CloseDisregardForGC: 0/0 objects in disregard for GC pool
[2017.03.14-19.29.32:315][  0]LogInit: WinSock: version 1.1 (2.2), MaxSocks=32767, MaxUdp=65467
[2017.03.14-19.29.35:931][  0]LogTcpMessaging: Initializing TcpMessaging bridge
[2017.03.14-19.29.35:994][  0]LogUdpMessaging: Initializing bridge on interface 0.0.0.0:0 to multicast group 230.0.0.1:6666.
[2017.03.14-19.29.36:886][  0]LogMaterial: Uniform references updated for custom material expression Custom.
[2017.03.14-19.29.37:641][  0]SourceControl: Info Source control is disabled
[2017.03.14-19.29.43:132][  0]LogEngine: Initializing Engine...
[2017.03.14-19.29.43:133][  0]LogHMD: Failed to initialize OpenVR with code 110
[2017.03.14-19.29.43:565][  0]LogAIModule: Creating AISystem for world Untitled
[2017.03.14-19.29.43:601][  0]LogInit: XAudio2 using 'Speakers (Realtek High Definition Audio)' : 2 channels at 48 kHz using 32 bits per sample (channel mask 0x3)
[2017.03.14-19.29.43:625][  0]LogInit: FAudioDevice initialized.
[2017.03.14-19.29.43:678][  0]LogDerivedDataCache: Saved boot cache 0.05s 50MB C:/Users/Korisnik/AppData/Local/UnrealEngine/4.15/DerivedDataCache/Boot.ddc.
[2017.03.14-19.29.43:693][  0]LogInit: Texture streaming: Enabled
[2017.03.14-19.29.43:845][  0]LogEngineSessionManager: EngineSessionManager initialized
[2017.03.14-19.29.44:018][  0]LogInit: Transaction tracking system initialized
[2017.03.14-19.29.44:668][  0]BlueprintLog: New page: Editor Load
[2017.03.14-19.29.46:413][  0]LocalizationService: Info Localization service is disabled
[2017.03.14-19.29.47:705][  0]LogConsoleResponse:Display: 
[2017.03.14-19.29.47:915][  0]LogCook:Display: Max memory allowance for cook 16384mb min free memory 0mb
[2017.03.14-19.29.47:915][  0]LogCook:Display: Mobile HDR setting 1
[2017.03.14-19.29.48:661][  0]LogFileCache: Scanning file cache for directory 'C:/Users/Korisnik/Documents/GitHub/BoulderGame/BoulderGame/Content/' took 0.02s
[2017.03.14-19.29.50:431][  0]Cmd: MAP LOAD FILE="C:/Users/Korisnik/Documents/GitHub/BoulderGame/BoulderGame/Content/RollingBP/Maps/RollingBPExampleMap.umap" TEMPLATE=0 SHOWPROGRESS=1 FEATURELEVEL=3
[2017.03.14-19.29.50:449][  0]LightingResults: New page: Lighting Build
[2017.03.14-19.29.50:525][  0]MapCheck: New page: Map Check
[2017.03.14-19.29.50:525][  0]LightingResults: New page: Lighting Build
[2017.03.14-19.29.51:973][  0]LogAIModule: Creating AISystem for world RollingBPExampleMap
[2017.03.14-19.29.51:992][  0]LogEditorServer: Finished looking for orphan Actors (0.000 secs)
[2017.03.14-19.29.52:028][  0]Cmd: MAP CHECKDEP NOCLEARLOG
[2017.03.14-19.29.52:162][  0]MapCheck: Info Map check complete: 0 Error(s), 0 Warning(s), took 134.337ms to complete.
[2017.03.14-19.29.52:162][  0]LogFileHelpers: Loading map 'RollingBPExampleMap' took 1.732
[2017.03.14-19.29.52:585][  0]LogCollectionManager: Loaded 0 collections in 0.005462 seconds
[2017.03.14-19.29.52:708][  0]LogFileCache: Scanning file cache for directory 'C:/Users/Korisnik/Documents/GitHub/BoulderGame/BoulderGame/Saved/Collections/' took 0.01s
[2017.03.14-19.29.52:709][  0]LogFileCache: Scanning file cache for directory 'C:/Users/Korisnik/Documents/GitHub/BoulderGame/BoulderGame/Content/Developers/Korisnik/Collections/' took 0.01s
[2017.03.14-19.29.52:709][  0]LogFileCache: Scanning file cache for directory 'C:/Users/Korisnik/Documents/GitHub/BoulderGame/BoulderGame/Content/Collections/' took 0.00s
[2017.03.14-19.29.52:709][  0]LogCollectionManager: Rebuilt the GUID cache for 0 collections in 0.000002 seconds
[2017.03.14-19.29.52:726][  0]LogContentBrowser: Native class hierarchy populated in 0.0172 seconds. Added 2244 classes and 450 folders.
[2017.03.14-19.29.52:732][  0]LogStats: UGameplayTagsManager::ConstructGameplayTagTree: Construct from data asset -  0.000 s
[2017.03.14-19.29.52:732][  0]LogStats: UGameplayTagsManager::ConstructGameplayTagTree: GameplayTagTreeChangedEvent.Broadcast -  0.000 s
[2017.03.14-19.29.52:834][  0]LogContentBrowser: Native class hierarchy updated for 'WidgetCarousel' in 0.0008 seconds. Added 0 classes and 0 folders.
[2017.03.14-19.29.54:673][  0]LogContentBrowser: Native class hierarchy updated for 'AddContentDialog' in 0.0009 seconds. Added 0 classes and 0 folders.
[2017.03.14-19.29.54:871][  0]LogContentBrowser: Native class hierarchy updated for 'SceneOutliner' in 0.0009 seconds. Added 1 classes and 2 folders.
[2017.03.14-19.29.54:960][  0]LogCrashTracker: Crashtracker disabled due to settings.
[2017.03.14-19.29.54:969][  0]LogUObjectGlobals:Warning: Failed to find object 'Class None.'
[2017.03.14-19.29.55:079][  0]LogContentBrowser: Native class hierarchy updated for 'HierarchicalLODOutliner' in 0.0010 seconds. Added 1 classes and 2 folders.
[2017.03.14-19.29.55:079][  0]LogLoad: (Engine Initialization) Total time: 35.83 seconds
[2017.03.14-19.29.55:080][  0]LogLoad: (Engine Initialization) Total Blueprint compile time: 0.22 seconds
[2017.03.14-19.29.55:080][  0]LogExternalProfiler: Found external profiler: VSPerf
[2017.03.14-19.29.55:080][  0]LogExternalProfiler: Using external profiler: VSPerf
[2017.03.14-19.29.55:092][  0]LogOcInput: OculusInput pre-init called
[2017.03.14-19.29.55:114][  0]SourceControl: Info On branch master
[2017.03.14-19.29.55:114][  0]SourceControl: Info Your branch is up-to-date with 'origin/master'.
[2017.03.14-19.29.55:114][  0]SourceControl: Info Changes not staged for commit:
[2017.03.14-19.29.55:114][  0]SourceControl: Info   (use "git add <file>..." to update what will be committed)
[2017.03.14-19.29.55:114][  0]SourceControl: Info   (use "git checkout -- <file>..." to discard changes in working directory)
[2017.03.14-19.29.55:114][  0]SourceControl: Info 	modified:   BoulderGame/Intermediate/CachedAssetRegistry.bin
[2017.03.14-19.29.55:114][  0]SourceControl: Info 	modified:   BoulderGame/Saved/Config/Windows/Engine.ini
[2017.03.14-19.29.55:114][  0]SourceControl: Info 	modified:   BoulderGame/Saved/Logs/BoulderGame.log
[2017.03.14-19.29.55:114][  0]SourceControl: Info Untracked files:
[2017.03.14-19.29.55:114][  0]SourceControl: Info   (use "git add <file>..." to include in what will be committed)
[2017.03.14-19.29.55:114][  0]SourceControl: Info 	BoulderGame/Saved/Logs/BoulderGame-backup-2017.03.14-20.29.21.log
[2017.03.14-19.29.55:114][  0]SourceControl: Info 	BoulderGame/Saved/Logs/UE4CC-Windows-6979157847DAD71C910C2CB0B57F6E1D/
[2017.03.14-19.29.55:114][  0]SourceControl: Info no changes added to commit (use "git add" and/or "git commit -a")
[2017.03.14-19.29.55:114][  0]LogContentStreaming: Texture pool size now 1000 MB
[2017.03.14-19.29.55:118][  0]LogSlate: Took 0.000727 seconds to synchronously load lazily loaded font '../../../Engine/Content/Slate/Fonts/Roboto-Regular.ttf' (155K)
[2017.03.14-19.29.55:127][  0]LogSlate: Took 0.000805 seconds to synchronously load lazily loaded font '../../../Engine/Content/Slate/Fonts/Roboto-Bold.ttf' (160K)
[2017.03.14-19.29.55:152][  0]LogSlate: Took 0.017416 seconds to synchronously load lazily loaded font '../../../Engine/Content/Editor/Slate/Fonts/FontAwesome.ttf' (139K)
[2017.03.14-19.29.55:508][  0]LogSlate: Took 0.058683 seconds to synchronously load lazily loaded font '../../../Engine/Content/Slate/Fonts/Roboto-Light.ttf' (159K)
[2017.03.14-19.29.55:629][  0]LogRenderer: Reallocating scene render targets to support 1208x600 NumSamples 1 (Frame:2).
[2017.03.14-19.29.56:198][  2]LogAssetRegistry: Asset discovery search completed in 24.1500 seconds
[2017.03.14-19.29.56:198][  2]LogCollectionManager: Rebuilt the object cache for 0 collections in 0.000023 seconds (found 0 objects)
[2017.03.14-19.29.56:198][  2]LogCollectionManager: Fixed up redirectors for 0 collections in 0.000052 seconds (updated 0 objects)
[2017.03.14-19.29.59:121][154]LogEditorViewport: Clicking on Actor (LMB): PhysicsBallBP_C (PhysicsBallBP)
[2017.03.14-19.30.03:857][339]LogTemp: Repeting last play command: Selected Viewport
[2017.03.14-19.30.03:866][339]LogBlueprintUserMessages: Early PlayInEditor Detection: Level '/Game/RollingBP/Maps/RollingBPExampleMap.RollingBPExampleMap:PersistentLevel' has LevelScriptBlueprint '/Game/RollingBP/Maps/RollingBPExampleMap.RollingBPExampleMap:PersistentLevel.RollingBPExampleMap' with GeneratedClass '/Game/RollingBP/Maps/RollingBPExampleMap.RollingBPExampleMap_C' with ClassGeneratedBy '/Game/RollingBP/Maps/RollingBPExampleMap.RollingBPExampleMap:PersistentLevel.RollingBPExampleMap'
[2017.03.14-19.30.03:866][339]LogPlayLevel: PlayLevel: No blueprints needed recompiling
[2017.03.14-19.30.03:867][339]PIE: New page: PIE session: RollingBPExampleMap (Mar 14, 2017, 9:30:03 PM)
[2017.03.14-19.30.03:867][339]LogPlayLevel: Creating play world package: /Game/RollingBP/Maps/UEDPIE_0_RollingBPExampleMap
[2017.03.14-19.30.03:941][339]LogPlayLevel: PIE: StaticDuplicateObject took: (0.073592s)
[2017.03.14-19.30.03:943][339]LogAIModule: Creating AISystem for world RollingBPExampleMap
[2017.03.14-19.30.03:944][339]LogPlayLevel: PIE: World Init took: (0.002957s)
[2017.03.14-19.30.03:944][339]LogPlayLevel: PIE: Created PIE world by copying editor world from /Game/RollingBP/Maps/RollingBPExampleMap.RollingBPExampleMap to /Game/RollingBP/Maps/UEDPIE_0_RollingBPExampleMap.RollingBPExampleMap (0.077103s)
[2017.03.14-19.30.04:015][339]LogInit: XAudio2 using 'Speakers (Realtek High Definition Audio)' : 2 channels at 48 kHz using 32 bits per sample (channel mask 0x3)
[2017.03.14-19.30.04:034][339]LogInit: FAudioDevice initialized.
[2017.03.14-19.30.04:134][339]LogLoad: Game class is 'RollingGameMode_C'
[2017.03.14-19.30.04:140][339]LogWorld: Bringing World /Game/RollingBP/Maps/UEDPIE_0_RollingBPExampleMap.RollingBPExampleMap up for play (max tick rate 0) at 2017.03.14-20.30.04
[2017.03.14-19.30.04:141][339]LogWorld: Bringing up level for play took: 0.005545
[2017.03.14-19.30.04:217][339]LogContentBrowser: Native class hierarchy updated for 'MovieSceneCapture' in 0.0010 seconds. Added 11 classes and 0 folders.
[2017.03.14-19.30.04:218][339]PIE: Info Play in editor start time for /Game/RollingBP/Maps/UEDPIE_0_RollingBPExampleMap 0.753
[2017.03.14-19.30.04:218][339]LogBlueprintUserMessages: Late PlayInEditor Detection: Level '/Game/RollingBP/Maps/RollingBPExampleMap.RollingBPExampleMap:PersistentLevel' has LevelScriptBlueprint '/Game/RollingBP/Maps/RollingBPExampleMap.RollingBPExampleMap:PersistentLevel.RollingBPExampleMap' with GeneratedClass '/Game/RollingBP/Maps/RollingBPExampleMap.RollingBPExampleMap_C' with ClassGeneratedBy '/Game/RollingBP/Maps/RollingBPExampleMap.RollingBPExampleMap:PersistentLevel.RollingBPExampleMap'
[2017.03.14-19.30.13:743][897]LogBlueprintUserMessages: Early EndPlayMap Detection: Level '/Game/RollingBP/Maps/RollingBPExampleMap.RollingBPExampleMap:PersistentLevel' has LevelScriptBlueprint '/Game/RollingBP/Maps/RollingBPExampleMap.RollingBPExampleMap:PersistentLevel.RollingBPExampleMap' with GeneratedClass '/Game/RollingBP/Maps/RollingBPExampleMap.RollingBPExampleMap_C' with ClassGeneratedBy '/Game/RollingBP/Maps/RollingBPExampleMap.RollingBPExampleMap:PersistentLevel.RollingBPExampleMap'
[2017.03.14-19.30.13:888][897]LogBlueprintUserMessages: Late EndPlayMap Detection: Level '/Game/RollingBP/Maps/RollingBPExampleMap.RollingBPExampleMap:PersistentLevel' has LevelScriptBlueprint '/Game/RollingBP/Maps/RollingBPExampleMap.RollingBPExampleMap:PersistentLevel.RollingBPExampleMap' with GeneratedClass '/Game/RollingBP/Maps/RollingBPExampleMap.RollingBPExampleMap_C' with ClassGeneratedBy '/Game/RollingBP/Maps/RollingBPExampleMap.RollingBPExampleMap:PersistentLevel.RollingBPExampleMap'
[2017.03.14-19.30.18:211][ 77]Cmd: DUPLICATE
[2017.03.14-19.30.18:211][ 77]Cmd: ACTOR DUPLICATE
[2017.03.14-19.30.51:377][471]LogMaterial: Missing cached shader map for material LayerVisMaterial, compiling. 
[2017.03.14-19.30.51:379][471]LogTemp:Display: Added material ShaderMap 0x000000003A0E3C80 with Material 0x000000003365D900 to ShaderMapsBeingCompiled
[2017.03.14-19.30.51:397][471]LogTemp:Display: Kicking off shader compilation for LayerVisMaterial, GameThreadShaderMap 0x000000003A0E3C80
[2017.03.14-19.30.51:532][471]LogMaterial: Missing cached shader map for material SelectBrushMaterial, compiling. 
[2017.03.14-19.30.51:533][471]LogTemp:Display: Added material ShaderMap 0x00000000298F2400 with Material 0x00000000335EDD80 to ShaderMapsBeingCompiled
[2017.03.14-19.30.51:559][471]LogTemp:Display: Kicking off shader compilation for SelectBrushMaterial, GameThreadShaderMap 0x00000000298F2400
[2017.03.14-19.30.51:620][471]LogMaterial: Missing cached shader map for material SelectBrushMaterial, compiling. 
[2017.03.14-19.30.51:622][471]LogTemp:Display: Added material ShaderMap 0x00000000394FB900 with Material 0x000000003358A080 to ShaderMapsBeingCompiled
[2017.03.14-19.30.51:642][471]LogTemp:Display: Kicking off shader compilation for SelectBrushMaterial, GameThreadShaderMap 0x00000000394FB900
[2017.03.14-19.30.51:754][471]LogMaterial: Missing cached shader map for material MaskBrushMaterial, compiling. 
[2017.03.14-19.30.51:755][471]LogTemp:Display: Added material ShaderMap 0x000000003B0F0480 with Material 0x000000003357A800 to ShaderMapsBeingCompiled
[2017.03.14-19.30.51:776][471]LogTemp:Display: Kicking off shader compilation for MaskBrushMaterial, GameThreadShaderMap 0x000000003B0F0480
[2017.03.14-19.30.52:009][471]LogMaterial: Missing cached shader map for material LandscapeLayerUsageMaterial, compiling. 
[2017.03.14-19.30.52:012][471]LogTemp:Display: Added material ShaderMap 0x000000003A844100 with Material 0x00000000278FF700 to ShaderMapsBeingCompiled
[2017.03.14-19.30.52:023][471]LogTemp:Display: Kicking off shader compilation for LandscapeLayerUsageMaterial, GameThreadShaderMap 0x000000003A844100
[2017.03.14-19.30.52:336][471]LogMaterial: Missing cached shader map for material CircleBrushMaterial, compiling. 
[2017.03.14-19.30.52:337][471]LogTemp:Display: Added material ShaderMap 0x0000000042C0E400 with Material 0x00000000336D6B00 to ShaderMapsBeingCompiled
[2017.03.14-19.30.52:369][471]LogTemp:Display: Kicking off shader compilation for CircleBrushMaterial, GameThreadShaderMap 0x0000000042C0E400
[2017.03.14-19.30.52:448][471]LogMaterial: Missing cached shader map for material CircleBrushMaterial, compiling. 
[2017.03.14-19.30.52:450][471]LogTemp:Display: Added material ShaderMap 0x0000000042B52080 with Material 0x00000000333C5480 to ShaderMapsBeingCompiled
[2017.03.14-19.30.52:473][471]LogTemp:Display: Kicking off shader compilation for CircleBrushMaterial, GameThreadShaderMap 0x0000000042B52080
[2017.03.14-19.30.52:560][471]LogMaterial: Missing cached shader map for material CircleBrushMaterial, compiling. 
[2017.03.14-19.30.52:562][471]LogTemp:Display: Added material ShaderMap 0x0000000042A44480 with Material 0x00000000333C6680 to ShaderMapsBeingCompiled
[2017.03.14-19.30.52:584][471]LogTemp:Display: Kicking off shader compilation for CircleBrushMaterial, GameThreadShaderMap 0x0000000042A44480
[2017.03.14-19.30.52:719][471]LogMaterial: Missing cached shader map for material CircleBrushMaterial, compiling. 
[2017.03.14-19.30.52:722][471]LogTemp:Display: Added material ShaderMap 0x00000000428D6780 with Material 0x00000000333D0280 to ShaderMapsBeingCompiled
[2017.03.14-19.30.52:750][471]LogTemp:Display: Kicking off shader compilation for CircleBrushMaterial, GameThreadShaderMap 0x00000000428D6780
[2017.03.14-19.30.52:854][471]LogMaterial: Missing cached shader map for material AlphaBrushMaterial, compiling. 
[2017.03.14-19.30.52:856][471]LogTemp:Display: Added material ShaderMap 0x00000000416E6780 with Material 0x00000000333DA500 to ShaderMapsBeingCompiled
[2017.03.14-19.30.52:881][471]LogTemp:Display: Kicking off shader compilation for AlphaBrushMaterial, GameThreadShaderMap 0x00000000416E6780
[2017.03.14-19.30.52:969][471]LogMaterial: Missing cached shader map for material CircleBrushMaterial, compiling. 
[2017.03.14-19.30.52:972][471]LogTemp:Display: Added material ShaderMap 0x0000000041620B80 with Material 0x0000000033423E80 to ShaderMapsBeingCompiled
[2017.03.14-19.30.52:997][471]LogTemp:Display: Kicking off shader compilation for CircleBrushMaterial, GameThreadShaderMap 0x0000000041620B80
[2017.03.14-19.30.52:998][471]LogTemp:Display: Added shader map 0x00000000298F2400 from material 0x0000000033595300
[2017.03.14-19.30.52:998][471]LogTemp:Display: Found existing compiling shader for material SelectBrushMaterial, linking to other GameThreadShaderMap 0x00000000298F2400
[2017.03.14-19.30.53:081][471]LogMaterial: Missing cached shader map for material MaskBrushMaterial, compiling. 
[2017.03.14-19.30.53:083][471]LogTemp:Display: Added material ShaderMap 0x0000000040DDF580 with Material 0x00000000335A2F80 to ShaderMapsBeingCompiled
[2017.03.14-19.30.53:108][471]LogTemp:Display: Kicking off shader compilation for MaskBrushMaterial, GameThreadShaderMap 0x0000000040DDF580
[2017.03.14-19.30.53:179][471]LogTexture:Display: Building textures: Texture2D_2 (G8)
[2017.03.14-19.30.59:065][655]LogTemp:Display: Finished compile of shader map 0x000000003A0E3C80
[2017.03.14-19.30.59:067][655]LogTemp:Display: Shader map LayerVisMaterial complete, GameThreadShaderMap 0x000000003A0E3C80, marking material LayerVisMaterial as finished
[2017.03.14-19.30.59:067][655]LogTemp:Display: Marking material as finished 0x000000003365D900
[2017.03.14-19.30.59:756][667]LogEditorViewport: Clicking on Actor (LMB): BP_Sky_Sphere_C (SkyShereBlueprint)
[2017.03.14-19.31.01:603][708]LogTemp:Display: Finished compile of shader map 0x00000000298F2400
[2017.03.14-19.31.01:603][708]LogTemp:Display: Shader map SelectBrushMaterial complete, GameThreadShaderMap 0x00000000298F2400, marking material SelectBrushMaterial as finished
[2017.03.14-19.31.01:603][708]LogTemp:Display: Marking material as finished 0x00000000335EDD80
[2017.03.14-19.31.01:605][708]LogTemp:Display: Shader map SelectBrushMaterial complete, GameThreadShaderMap 0x00000000298F2400, marking material SelectBrushMaterial as finished
[2017.03.14-19.31.01:605][708]LogTemp:Display: Marking material as finished 0x0000000033595300
[2017.03.14-19.31.04:375][742]LogTemp:Display: Finished compile of shader map 0x00000000394FB900
[2017.03.14-19.31.04:375][742]LogTemp:Display: Shader map SelectBrushMaterial complete, GameThreadShaderMap 0x00000000394FB900, marking material SelectBrushMaterial as finished
[2017.03.14-19.31.04:375][742]LogTemp:Display: Marking material as finished 0x000000003358A080
[2017.03.14-19.31.05:575][760]LogTemp:Display: Finished compile of shader map 0x000000003B0F0480
[2017.03.14-19.31.05:575][760]LogTemp:Display: Shader map MaskBrushMaterial complete, GameThreadShaderMap 0x000000003B0F0480, marking material MaskBrushMaterial as finished
[2017.03.14-19.31.05:575][760]LogTemp:Display: Marking material as finished 0x000000003357A800
[2017.03.14-19.31.11:307][856]LogTemp:Display: Finished compile of shader map 0x000000003A844100
[2017.03.14-19.31.11:307][856]LogTemp:Display: Shader map LandscapeLayerUsageMaterial complete, GameThreadShaderMap 0x000000003A844100, marking material LandscapeLayerUsageMaterial as finished
[2017.03.14-19.31.11:307][856]LogTemp:Display: Marking material as finished 0x00000000278FF700
[2017.03.14-19.31.11:325][856]LogTemp:Display: Finished compile of shader map 0x0000000042C0E400
[2017.03.14-19.31.11:326][856]LogTemp:Display: Shader map CircleBrushMaterial complete, GameThreadShaderMap 0x0000000042C0E400, marking material CircleBrushMaterial as finished
[2017.03.14-19.31.11:326][856]LogTemp:Display: Marking material as finished 0x00000000336D6B00
[2017.03.14-19.31.13:546][913]LogTemp:Display: Finished compile of shader map 0x0000000042B52080
[2017.03.14-19.31.13:546][913]LogTemp:Display: Shader map CircleBrushMaterial complete, GameThreadShaderMap 0x0000000042B52080, marking material CircleBrushMaterial as finished
[2017.03.14-19.31.13:546][913]LogTemp:Display: Marking material as finished 0x00000000333C5480
[2017.03.14-19.31.16:818][995]LogTemp:Display: Finished compile of shader map 0x0000000042A44480
[2017.03.14-19.31.16:818][995]LogTemp:Display: Shader map CircleBrushMaterial complete, GameThreadShaderMap 0x0000000042A44480, marking material CircleBrushMaterial as finished
[2017.03.14-19.31.16:818][995]LogTemp:Display: Marking material as finished 0x00000000333C6680
[2017.03.14-19.31.17:811][ 16]LogTemp:Display: Finished compile of shader map 0x00000000428D6780
[2017.03.14-19.31.17:811][ 16]LogTemp:Display: Shader map CircleBrushMaterial complete, GameThreadShaderMap 0x00000000428D6780, marking material CircleBrushMaterial as finished
[2017.03.14-19.31.17:811][ 16]LogTemp:Display: Marking material as finished 0x00000000333D0280
[2017.03.14-19.31.23:072][135]LogTemp:Display: Finished compile of shader map 0x0000000041620B80
[2017.03.14-19.31.23:072][135]LogTemp:Display: Shader map CircleBrushMaterial complete, GameThreadShaderMap 0x0000000041620B80, marking material CircleBrushMaterial as finished
[2017.03.14-19.31.23:072][135]LogTemp:Display: Marking material as finished 0x0000000033423E80
[2017.03.14-19.31.23:079][135]LogTemp:Display: Finished compile of shader map 0x00000000416E6780
[2017.03.14-19.31.23:079][135]LogTemp:Display: Shader map AlphaBrushMaterial complete, GameThreadShaderMap 0x00000000416E6780, marking material AlphaBrushMaterial as finished
[2017.03.14-19.31.23:079][135]LogTemp:Display: Marking material as finished 0x00000000333DA500
[2017.03.14-19.31.25:915][238]LogTemp:Display: Finished compile of shader map 0x0000000040DDF580
[2017.03.14-19.31.25:915][238]LogTemp:Display: Shader map MaskBrushMaterial complete, GameThreadShaderMap 0x0000000040DDF580, marking material MaskBrushMaterial as finished
[2017.03.14-19.31.25:915][238]LogTemp:Display: Marking material as finished 0x00000000335A2F80
[2017.03.14-19.31.47:517][123]LogScriptCore:Warning: Script Msg: Attempted to access index 0 from array CallFunc_GetAllActorsOfClass_OutActors of length 0!
[2017.03.14-19.31.47:517][123]LogBlueprintUserMessages: [Default__Landscape_Sculpt_Mode_C] No Landscape for you
[2017.03.14-19.31.47:517][123]LogScriptCore:Warning: Script Msg: Attempted to access index 0 from array CallFunc_GetAllActorsOfClass_OutActors of length 0!
[2017.03.14-19.31.47:517][123]LogBlueprintUserMessages: [Default__Landscape_Sculpt_Mode_C] No Landscape for you
[2017.03.14-19.31.48:775][176]LogScriptCore:Warning: Script Msg: Attempted to access index 0 from array CallFunc_GetAllActorsOfClass_OutActors2 of length 0!
[2017.03.14-19.31.48:775][176]LogBlueprintUserMessages: [Default__Landscape_Sculpt_Mode_C] No Landscape for you
[2017.03.14-19.31.48:775][176]LogScriptCore:Warning: Script Msg: Attempted to access index 0 from array CallFunc_GetAllActorsOfClass_OutActors of length 0!
[2017.03.14-19.31.48:775][176]LogBlueprintUserMessages: [Default__Landscape_Sculpt_Mode_C] No Landscape for you
[2017.03.14-19.31.49:382][201]LogScriptCore:Warning: Script Msg: Attempted to access index 0 from array CallFunc_GetAllActorsOfClass_OutActors2 of length 0!
[2017.03.14-19.31.49:382][201]LogBlueprintUserMessages: [Default__Landscape_Sculpt_Mode_C] No Landscape for you
[2017.03.14-19.31.49:382][201]LogScriptCore:Warning: Script Msg: Attempted to access index 0 from array CallFunc_GetAllActorsOfClass_OutActors of length 0!
[2017.03.14-19.31.49:382][201]LogBlueprintUserMessages: [Default__Landscape_Sculpt_Mode_C] No Landscape for you
[2017.03.14-19.31.50:014][227]LogScriptCore:Warning: Script Msg: Attempted to access index 0 from array CallFunc_GetAllActorsOfClass_OutActors2 of length 0!
[2017.03.14-19.31.50:014][227]LogBlueprintUserMessages: [Default__Landscape_Sculpt_Mode_C] No Landscape for you
[2017.03.14-19.31.50:014][227]LogScriptCore:Warning: Script Msg: Attempted to access index 0 from array CallFunc_GetAllActorsOfClass_OutActors of length 0!
[2017.03.14-19.31.50:014][227]LogBlueprintUserMessages: [Default__Landscape_Sculpt_Mode_C] No Landscape for you
[2017.03.14-19.31.50:525][248]LogScriptCore:Warning: Script Msg: Attempted to access index 0 from array CallFunc_GetAllActorsOfClass_OutActors2 of length 0!
[2017.03.14-19.31.50:525][248]LogBlueprintUserMessages: [Default__Landscape_Sculpt_Mode_C] No Landscape for you
[2017.03.14-19.31.50:525][248]LogScriptCore:Warning: Script Msg: Attempted to access index 0 from array CallFunc_GetAllActorsOfClass_OutActors of length 0!
[2017.03.14-19.31.50:525][248]LogBlueprintUserMessages: [Default__Landscape_Sculpt_Mode_C] No Landscape for you
[2017.03.14-19.31.53:453][370]LogScriptCore:Warning: Script Msg: Attempted to access index 0 from array CallFunc_GetAllActorsOfClass_OutActors2 of length 0!
[2017.03.14-19.31.53:453][370]LogBlueprintUserMessages: [Default__Landscape_Sculpt_Mode_C] No Landscape for you
[2017.03.14-19.31.53:453][370]LogScriptCore:Warning: Script Msg: Attempted to access index 0 from array CallFunc_GetAllActorsOfClass_OutActors of length 0!
[2017.03.14-19.31.53:453][370]LogBlueprintUserMessages: [Default__Landscape_Sculpt_Mode_C] No Landscape for you
[2017.03.14-19.32.06:935][933]LogScriptCore:Warning: Script Msg: Attempted to access index 0 from array CallFunc_GetAllActorsOfClass_OutActors2 of length 0!
[2017.03.14-19.32.06:935][933]LogBlueprintUserMessages: [Default__Landscape_Sculpt_Mode_C] No Landscape for you
[2017.03.14-19.32.06:935][933]LogScriptCore:Warning: Script Msg: Attempted to access index 0 from array CallFunc_GetAllActorsOfClass_OutActors of length 0!
[2017.03.14-19.32.06:935][933]LogBlueprintUserMessages: [Default__Landscape_Sculpt_Mode_C] No Landscape for you
[2017.03.14-19.32.11:153][107]LogScriptCore:Warning: Script Msg: Attempted to access index 0 from array CallFunc_GetAllActorsOfClass_OutActors of length 0!
[2017.03.14-19.32.11:153][107]LogBlueprintUserMessages: [Default__Landscape_Sculpt_Mode_C] No Landscape for you
[2017.03.14-19.32.11:153][107]LogScriptCore:Warning: Script Msg: Attempted to access index 0 from array CallFunc_GetAllActorsOfClass_OutActors of length 0!
[2017.03.14-19.32.11:153][107]LogBlueprintUserMessages: [Default__Landscape_Sculpt_Mode_C] No Landscape for you
[2017.03.14-19.32.36:761][404]LogEditorViewport: Clicking on Actor (LMB): BP_Sky_Sphere_C (SkyShereBlueprint)
[2017.03.14-19.32.45:890][809]LogEditorViewport: Clicking on Actor (LMB): BP_Sky_Sphere_C (SkyShereBlueprint)
[2017.03.14-19.33.11:326][910]LogScriptCore:Warning: Script Msg: Attempted to access index 0 from array CallFunc_GetAllActorsOfClass_OutActors2 of length 0!
[2017.03.14-19.33.11:326][910]LogBlueprintUserMessages: [Default__Landscape_Sculpt_Mode_C] No Landscape for you
[2017.03.14-19.33.11:326][910]LogScriptCore:Warning: Script Msg: Attempted to access index 0 from array CallFunc_GetAllActorsOfClass_OutActors of length 0!
[2017.03.14-19.33.11:326][910]LogBlueprintUserMessages: [Default__Landscape_Sculpt_Mode_C] No Landscape for you
[2017.03.14-19.33.13:104][991]LogScriptCore:Warning: Script Msg: Attempted to access index 0 from array CallFunc_GetAllActorsOfClass_OutActors2 of length 0!
[2017.03.14-19.33.13:104][991]LogBlueprintUserMessages: [Default__Landscape_Sculpt_Mode_C] No Landscape for you
[2017.03.14-19.33.13:104][991]LogScriptCore:Warning: Script Msg: Attempted to access index 0 from array CallFunc_GetAllActorsOfClass_OutActors of length 0!
[2017.03.14-19.33.13:104][991]LogBlueprintUserMessages: [Default__Landscape_Sculpt_Mode_C] No Landscape for you
[2017.03.14-19.33.21:312][362]LogSlate: Took 0.000389 seconds to synchronously load lazily loaded font '../../../Engine/Content/Slate/Fonts/Roboto-Light.ttf' (159K)
[2017.03.14-19.33.21:477][362]LogTexture:Display: Building textures: Texture2D_0 (BGRA8)
[2017.03.14-19.33.21:511][362]LogMaterial: Missing cached shader map for material WorldGridMaterial, compiling. Is special engine material.
[2017.03.14-19.33.21:513][362]LogTemp:Display: Added material ShaderMap 0x000000003A09AE80 with Material 0x0000000040E41000 to ShaderMapsBeingCompiled
[2017.03.14-19.33.34:203][362]LogTemp:Display: Finished compile of shader map 0x000000003A09AE80
[2017.03.14-19.33.34:203][362]LogTemp:Display: Shader map WorldGridMaterial complete, GameThreadShaderMap 0x000000003A09AE80, marking material WorldGridMaterial as finished
[2017.03.14-19.33.34:203][362]LogTemp:Display: Marking material as finished 0x0000000040E41000
[2017.03.14-19.33.34:222][362]LogMaterial: 0.00 seconds spent updating 1 materials, 64 interfaces, 0 instances, 0 with static permutations.
[2017.03.14-19.34.31:161][291]LogEditorViewport: Clicking on Actor (LMB): PlayerStart (NetworkPlayerStart)
[2017.03.14-19.34.38:594][660]LogNavigationPoint: PostEditMove Clear paths rebuilt
[2017.03.14-19.34.41:457][785]LogNavigationPoint: PostEditMove Clear paths rebuilt
[2017.03.14-19.34.43:357][862]LogNavigationPoint: PostEditMove Clear paths rebuilt
[2017.03.14-19.34.44:272][906]LogNavigationPoint: PostEditMove Clear paths rebuilt
[2017.03.14-19.34.45:075][943]LogTemp: Repeting last play command: Selected Viewport
[2017.03.14-19.34.45:084][943]LogBlueprintUserMessages: Early PlayInEditor Detection: Level '/Game/RollingBP/Maps/RollingBPExampleMap.RollingBPExampleMap:PersistentLevel' has LevelScriptBlueprint '/Game/RollingBP/Maps/RollingBPExampleMap.RollingBPExampleMap:PersistentLevel.RollingBPExampleMap' with GeneratedClass '/Game/RollingBP/Maps/RollingBPExampleMap.RollingBPExampleMap_C' with ClassGeneratedBy '/Game/RollingBP/Maps/RollingBPExampleMap.RollingBPExampleMap:PersistentLevel.RollingBPExampleMap'
[2017.03.14-19.34.45:084][943]LogPlayLevel: PlayLevel: No blueprints needed recompiling
[2017.03.14-19.34.45:084][943]PIE: New page: PIE session: RollingBPExampleMap (Mar 14, 2017, 9:34:45 PM)
[2017.03.14-19.34.45:084][943]LogPlayLevel: Creating play world package: /Game/RollingBP/Maps/UEDPIE_0_RollingBPExampleMap
[2017.03.14-19.34.45:161][943]LogPlayLevel: PIE: StaticDuplicateObject took: (0.076261s)
[2017.03.14-19.34.45:163][943]LogAIModule: Creating AISystem for world RollingBPExampleMap
[2017.03.14-19.34.45:163][943]LogPlayLevel: PIE: World Init took: (0.002798s)
[2017.03.14-19.34.45:164][943]LogPlayLevel: PIE: Created PIE world by copying editor world from /Game/RollingBP/Maps/RollingBPExampleMap.RollingBPExampleMap to /Game/RollingBP/Maps/UEDPIE_0_RollingBPExampleMap.RollingBPExampleMap (0.079428s)
[2017.03.14-19.34.45:204][943]LogInit: XAudio2 using 'Speakers (Realtek High Definition Audio)' : 2 channels at 48 kHz using 32 bits per sample (channel mask 0x3)
[2017.03.14-19.34.45:223][943]LogInit: FAudioDevice initialized.
[2017.03.14-19.34.45:284][943]LogLoad: Game class is 'RollingGameMode_C'
[2017.03.14-19.34.45:292][943]LogWorld: Bringing World /Game/RollingBP/Maps/UEDPIE_0_RollingBPExampleMap.RollingBPExampleMap up for play (max tick rate 0) at 2017.03.14-20.34.45
[2017.03.14-19.34.45:293][943]LogWorld: Bringing up level for play took: 0.008322
[2017.03.14-19.34.45:294][943]PIE: Info Play in editor start time for /Game/RollingBP/Maps/UEDPIE_0_RollingBPExampleMap -0.176
[2017.03.14-19.34.45:295][943]LogBlueprintUserMessages: Late PlayInEditor Detection: Level '/Game/RollingBP/Maps/RollingBPExampleMap.RollingBPExampleMap:PersistentLevel' has LevelScriptBlueprint '/Game/RollingBP/Maps/RollingBPExampleMap.RollingBPExampleMap:PersistentLevel.RollingBPExampleMap' with GeneratedClass '/Game/RollingBP/Maps/RollingBPExampleMap.RollingBPExampleMap_C' with ClassGeneratedBy '/Game/RollingBP/Maps/RollingBPExampleMap.RollingBPExampleMap:PersistentLevel.RollingBPExampleMap'
[2017.03.14-19.34.53:617][422]LogBlueprintUserMessages: Early EndPlayMap Detection: Level '/Game/RollingBP/Maps/RollingBPExampleMap.RollingBPExampleMap:PersistentLevel' has LevelScriptBlueprint '/Game/RollingBP/Maps/RollingBPExampleMap.RollingBPExampleMap:PersistentLevel.RollingBPExampleMap' with GeneratedClass '/Game/RollingBP/Maps/RollingBPExampleMap.RollingBPExampleMap_C' with ClassGeneratedBy '/Game/RollingBP/Maps/RollingBPExampleMap.RollingBPExampleMap:PersistentLevel.RollingBPExampleMap'
[2017.03.14-19.34.53:683][422]LogBlueprintUserMessages: Late EndPlayMap Detection: Level '/Game/RollingBP/Maps/RollingBPExampleMap.RollingBPExampleMap:PersistentLevel' has LevelScriptBlueprint '/Game/RollingBP/Maps/RollingBPExampleMap.RollingBPExampleMap:PersistentLevel.RollingBPExampleMap' with GeneratedClass '/Game/RollingBP/Maps/RollingBPExampleMap.RollingBPExampleMap_C' with ClassGeneratedBy '/Game/RollingBP/Maps/RollingBPExampleMap.RollingBPExampleMap:PersistentLevel.RollingBPExampleMap'
[2017.03.14-19.34.54:740][473]LogEditorViewport: Clicking on Actor (LMB): PhysicsBallBP_C (PhysicsBallBP2)
[2017.03.14-19.35.04:003][792]LogTemp: Repeting last play command: Selected Viewport
[2017.03.14-19.35.04:012][792]LogBlueprintUserMessages: Early PlayInEditor Detection: Level '/Game/RollingBP/Maps/RollingBPExampleMap.RollingBPExampleMap:PersistentLevel' has LevelScriptBlueprint '/Game/RollingBP/Maps/RollingBPExampleMap.RollingBPExampleMap:PersistentLevel.RollingBPExampleMap' with GeneratedClass '/Game/RollingBP/Maps/RollingBPExampleMap.RollingBPExampleMap_C' with ClassGeneratedBy '/Game/RollingBP/Maps/RollingBPExampleMap.RollingBPExampleMap:PersistentLevel.RollingBPExampleMap'
[2017.03.14-19.35.04:012][792]LogPlayLevel: PlayLevel: No blueprints needed recompiling
[2017.03.14-19.35.04:012][792]PIE: New page: PIE session: RollingBPExampleMap (Mar 14, 2017, 9:35:04 PM)
[2017.03.14-19.35.04:012][792]LogPlayLevel: Creating play world package: /Game/RollingBP/Maps/UEDPIE_0_RollingBPExampleMap
[2017.03.14-19.35.04:085][792]LogPlayLevel: PIE: StaticDuplicateObject took: (0.073033s)
[2017.03.14-19.35.04:087][792]LogAIModule: Creating AISystem for world RollingBPExampleMap
[2017.03.14-19.35.04:087][792]LogPlayLevel: PIE: World Init took: (0.001909s)
[2017.03.14-19.35.04:088][792]LogPlayLevel: PIE: Created PIE world by copying editor world from /Game/RollingBP/Maps/RollingBPExampleMap.RollingBPExampleMap to /Game/RollingBP/Maps/UEDPIE_0_RollingBPExampleMap.RollingBPExampleMap (0.075347s)
[2017.03.14-19.35.04:153][792]LogInit: XAudio2 using 'Speakers (Realtek High Definition Audio)' : 2 channels at 48 kHz using 32 bits per sample (channel mask 0x3)
[2017.03.14-19.35.04:169][792]LogInit: FAudioDevice initialized.
[2017.03.14-19.35.04:209][792]LogLoad: Game class is 'RollingGameMode_C'
[2017.03.14-19.35.04:227][792]LogWorld: Bringing World /Game/RollingBP/Maps/UEDPIE_0_RollingBPExampleMap.RollingBPExampleMap up for play (max tick rate 0) at 2017.03.14-20.35.04
[2017.03.14-19.35.04:228][792]LogWorld: Bringing up level for play took: 0.017163
[2017.03.14-19.35.04:229][792]PIE: Info Play in editor start time for /Game/RollingBP/Maps/UEDPIE_0_RollingBPExampleMap 0.758
[2017.03.14-19.35.04:229][792]LogBlueprintUserMessages: Late PlayInEditor Detection: Level '/Game/RollingBP/Maps/RollingBPExampleMap.RollingBPExampleMap:PersistentLevel' has LevelScriptBlueprint '/Game/RollingBP/Maps/RollingBPExampleMap.RollingBPExampleMap:PersistentLevel.RollingBPExampleMap' with GeneratedClass '/Game/RollingBP/Maps/RollingBPExampleMap.RollingBPExampleMap_C' with ClassGeneratedBy '/Game/RollingBP/Maps/RollingBPExampleMap.RollingBPExampleMap:PersistentLevel.RollingBPExampleMap'
[2017.03.14-19.35.22:336][802]LogBlueprintUserMessages: Early EndPlayMap Detection: Level '/Game/RollingBP/Maps/RollingBPExampleMap.RollingBPExampleMap:PersistentLevel' has LevelScriptBlueprint '/Game/RollingBP/Maps/RollingBPExampleMap.RollingBPExampleMap:PersistentLevel.RollingBPExampleMap' with GeneratedClass '/Game/RollingBP/Maps/RollingBPExampleMap.RollingBPExampleMap_C' with ClassGeneratedBy '/Game/RollingBP/Maps/RollingBPExampleMap.RollingBPExampleMap:PersistentLevel.RollingBPExampleMap'
[2017.03.14-19.35.22:404][802]LogBlueprintUserMessages: Late EndPlayMap Detection: Level '/Game/RollingBP/Maps/RollingBPExampleMap.RollingBPExampleMap:PersistentLevel' has LevelScriptBlueprint '/Game/RollingBP/Maps/RollingBPExampleMap.RollingBPExampleMap:PersistentLevel.RollingBPExampleMap' with GeneratedClass '/Game/RollingBP/Maps/RollingBPExampleMap.RollingBPExampleMap_C' with ClassGeneratedBy '/Game/RollingBP/Maps/RollingBPExampleMap.RollingBPExampleMap:PersistentLevel.RollingBPExampleMap'
[2017.03.14-19.35.30:356][128]LogTemp: Repeting last play command: Selected Viewport
[2017.03.14-19.35.30:367][128]LogBlueprintUserMessages: Early PlayInEditor Detection: Level '/Game/RollingBP/Maps/RollingBPExampleMap.RollingBPExampleMap:PersistentLevel' has LevelScriptBlueprint '/Game/RollingBP/Maps/RollingBPExampleMap.RollingBPExampleMap:PersistentLevel.RollingBPExampleMap' with GeneratedClass '/Game/RollingBP/Maps/RollingBPExampleMap.RollingBPExampleMap_C' with ClassGeneratedBy '/Game/RollingBP/Maps/RollingBPExampleMap.RollingBPExampleMap:PersistentLevel.RollingBPExampleMap'
[2017.03.14-19.35.30:367][128]LogPlayLevel: PlayLevel: No blueprints needed recompiling
[2017.03.14-19.35.30:367][128]PIE: New page: PIE session: RollingBPExampleMap (Mar 14, 2017, 9:35:30 PM)
[2017.03.14-19.35.30:367][128]LogPlayLevel: Creating play world package: /Game/RollingBP/Maps/UEDPIE_0_RollingBPExampleMap
[2017.03.14-19.35.30:436][128]LogPlayLevel: PIE: StaticDuplicateObject took: (0.069081s)
[2017.03.14-19.35.30:437][128]LogAIModule: Creating AISystem for world RollingBPExampleMap
[2017.03.14-19.35.30:437][128]LogPlayLevel: PIE: World Init took: (0.001324s)
[2017.03.14-19.35.30:438][128]LogPlayLevel: PIE: Created PIE world by copying editor world from /Game/RollingBP/Maps/RollingBPExampleMap.RollingBPExampleMap to /Game/RollingBP/Maps/UEDPIE_0_RollingBPExampleMap.RollingBPExampleMap (0.070842s)
[2017.03.14-19.35.30:504][128]LogInit: XAudio2 using 'Speakers (Realtek High Definition Audio)' : 2 channels at 48 kHz using 32 bits per sample (channel mask 0x3)
[2017.03.14-19.35.30:519][128]LogInit: FAudioDevice initialized.
[2017.03.14-19.35.30:555][128]LogLoad: Game class is 'RollingGameMode_C'
[2017.03.14-19.35.30:563][128]LogWorld: Bringing World /Game/RollingBP/Maps/UEDPIE_0_RollingBPExampleMap.RollingBPExampleMap up for play (max tick rate 0) at 2017.03.14-20.35.30
[2017.03.14-19.35.30:564][128]LogWorld: Bringing up level for play took: 0.008507
[2017.03.14-19.35.30:565][128]PIE: Info Play in editor start time for /Game/RollingBP/Maps/UEDPIE_0_RollingBPExampleMap 1.093
[2017.03.14-19.35.30:565][128]LogBlueprintUserMessages: Late PlayInEditor Detection: Level '/Game/RollingBP/Maps/RollingBPExampleMap.RollingBPExampleMap:PersistentLevel' has LevelScriptBlueprint '/Game/RollingBP/Maps/RollingBPExampleMap.RollingBPExampleMap:PersistentLevel.RollingBPExampleMap' with GeneratedClass '/Game/RollingBP/Maps/RollingBPExampleMap.RollingBPExampleMap_C' with ClassGeneratedBy '/Game/RollingBP/Maps/RollingBPExampleMap.RollingBPExampleMap:PersistentLevel.RollingBPExampleMap'
[2017.03.14-19.35.41:064][717]LogBlueprintUserMessages: Early EndPlayMap Detection: Level '/Game/RollingBP/Maps/RollingBPExampleMap.RollingBPExampleMap:PersistentLevel' has LevelScriptBlueprint '/Game/RollingBP/Maps/RollingBPExampleMap.RollingBPExampleMap:PersistentLevel.RollingBPExampleMap' with GeneratedClass '/Game/RollingBP/Maps/RollingBPExampleMap.RollingBPExampleMap_C' with ClassGeneratedBy '/Game/RollingBP/Maps/RollingBPExampleMap.RollingBPExampleMap:PersistentLevel.RollingBPExampleMap'
[2017.03.14-19.35.41:131][717]LogBlueprintUserMessages: Late EndPlayMap Detection: Level '/Game/RollingBP/Maps/RollingBPExampleMap.RollingBPExampleMap:PersistentLevel' has LevelScriptBlueprint '/Game/RollingBP/Maps/RollingBPExampleMap.RollingBPExampleMap:PersistentLevel.RollingBPExampleMap' with GeneratedClass '/Game/RollingBP/Maps/RollingBPExampleMap.RollingBPExampleMap_C' with ClassGeneratedBy '/Game/RollingBP/Maps/RollingBPExampleMap.RollingBPExampleMap:PersistentLevel.RollingBPExampleMap'
[2017.03.14-19.35.41:988][747]LogEditorViewport: Clicking on Actor (LMB): Landscape (Landscape)
[2017.03.14-19.35.43:685][814]LogEditorViewport: Clicking on Actor (LMB): Landscape (Landscape)
[2017.03.14-19.38.13:742][ 80]LogEditorViewport: Clicking on Actor (LMB): Landscape (Landscape)
[2017.03.14-19.38.14:601][117]LogEditorViewport: Clicking on Actor (LMB): Landscape (Landscape)
[2017.03.14-19.38.37:057][163]LogEditorViewport: Clicking on Actor (LMB): Landscape (Landscape)
[2017.03.14-19.38.43:158][439]LogEditorViewport: Clicking on Actor (LMB): Landscape (Landscape)
[2017.03.14-19.38.45:764][559]LogEditorViewport: Clicking on Actor (LMB): Landscape (Landscape)
[2017.03.14-19.38.47:621][642]LogEditorViewport: Clicking on Actor (context menu): Landscape (Landscape)
[2017.03.14-19.38.48:697][685]LogEditorViewport: Clicking on Actor (LMB): Landscape (Landscape)
[2017.03.14-19.38.52:086][840]LogEditorViewport: Clicking on Actor (LMB): Landscape (Landscape)
[2017.03.14-19.38.52:781][870]LogEditorViewport: Clicking on Actor (LMB): BP_Sky_Sphere_C (SkyShereBlueprint)
[2017.03.14-19.38.53:944][911]LogEditorViewport: Clicking on Actor (LMB): Landscape (Landscape)
[2017.03.14-19.39.14:169][832]LogSlate: Took 0.000504 seconds to synchronously load lazily loaded font '../../../Engine/Content/Slate/Fonts/Roboto-Light.ttf' (159K)
[2017.03.14-19.39.35:416][774]LogEditorViewport: Clicking on Actor (double click): Landscape (Landscape)
[2017.03.14-19.39.36:204][810]LogEditorViewport: Clicking on Actor (double click): Landscape (Landscape)
[2017.03.14-19.39.50:879][508]LogEditorViewport: Clicking on Actor (double click): Landscape (Landscape)
[2017.03.14-19.40.44:423][799]LogTexture:Display: Building textures: Texture2D_0 (BGRA8)
[2017.03.14-19.40.47:157][799]LogSlate: Took 0.000576 seconds to synchronously load lazily loaded font '../../../Engine/Content/Slate/Fonts/Roboto-Regular.ttf' (155K)
[2017.03.14-19.40.47:168][799]LogSavePackage: Save=3194.09ms
[2017.03.14-19.40.47:168][799]LogSavePackage: Moving 'C:/Users/Korisnik/Documents/GitHub/BoulderGame/BoulderGame/Saved/RollingBPExampleMap803111D742B4E4DE03FE37A8A1BEFAD4.tmp' to 'C:/Users/Korisnik/Documents/GitHub/BoulderGame/BoulderGame/Content/RollingBP/Maps/RollingBPExampleMap.umap'
[2017.03.14-19.40.47:206][799]LogSavePackage:Display: Finished SavePackage C:/Users/Korisnik/Documents/GitHub/BoulderGame/BoulderGame/Content/RollingBP/Maps/RollingBPExampleMap.umap
[2017.03.14-19.40.47:234][799]LogFileHelpers: Saving map 'RollingBPExampleMap' took 3.519
[2017.03.14-19.40.47:923][800]Cmd: QUIT_EDITOR
[2017.03.14-19.40.48:083][800]LogExit: Preparing to exit.
[2017.03.14-19.40.49:273][800]LogExit: Editor shut down
[2017.03.14-19.40.49:274][800]LogExit: Transaction tracking system shut down
[2017.03.14-19.40.49:382][800]LogObj: Freed 0b from 0 cluster array pools.
[2017.03.14-19.40.49:382][800]LogExit: Object subsystem successfully closed.
[2017.03.14-19.40.49:407][800]LogD3D11RHI: Shutdown
[2017.03.14-19.40.49:407][800]LogD3D11RHI: CleanupD3DDevice
[2017.03.14-19.40.49:516][800]LogD3D11RHI: ~FD3D11DynamicRHI
[2017.03.14-19.40.49:532][800]LogModuleManager: Shutting down and abandoning module MovieSceneCapture (498)
[2017.03.14-19.40.49:532][800]LogModuleManager: Shutting down and abandoning module HierarchicalLODOutliner (496)
[2017.03.14-19.40.49:532][800]LogModuleManager: Shutting down and abandoning module CrashTracker (494)
[2017.03.14-19.40.49:532][800]LogModuleManager: Shutting down and abandoning module SceneOutliner (492)
[2017.03.14-19.40.49:532][800]LogModuleManager: Shutting down and abandoning module AddContentDialog (490)
[2017.03.14-19.40.49:551][800]LogDirectoryWatcher: A directory notification for 'D:/UE_4.15/FeaturePacks/' was aborted.
[2017.03.14-19.40.49:562][800]LogModuleManager: Shutting down and abandoning module WidgetCarousel (489)
[2017.03.14-19.40.49:562][800]LogModuleManager: Shutting down and abandoning module EditorWidgets (486)
[2017.03.14-19.40.49:562][800]LogModuleManager: Shutting down and abandoning module CollectionManager (484)
[2017.03.14-19.40.49:562][800]LogDirectoryWatcher: A directory notification for 'C:/Users/Korisnik/Documents/GitHub/BoulderGame/BoulderGame/Content/Collections/' was aborted.
[2017.03.14-19.40.49:562][800]LogDirectoryWatcher: A directory notification for 'C:/Users/Korisnik/Documents/GitHub/BoulderGame/BoulderGame/Content/Developers/Korisnik/Collections/' was aborted.
[2017.03.14-19.40.49:562][800]LogDirectoryWatcher: A directory notification for 'C:/Users/Korisnik/Documents/GitHub/BoulderGame/BoulderGame/Saved/Collections/' was aborted.
[2017.03.14-19.40.49:562][800]LogModuleManager: Shutting down and abandoning module StatsViewer (482)
[2017.03.14-19.40.49:562][800]LogModuleManager: Shutting down and abandoning module FoliageEdit (480)
[2017.03.14-19.40.49:562][800]LogModuleManager: Shutting down and abandoning module LandscapeEditor (478)
[2017.03.14-19.40.49:562][800]LogModuleManager: Shutting down and abandoning module SceneDepthPickerMode (476)
[2017.03.14-19.40.49:562][800]LogModuleManager: Shutting down and abandoning module ActorPickerMode (474)
[2017.03.14-19.40.49:562][800]LogModuleManager: Shutting down and abandoning module GeometryMode (472)
[2017.03.14-19.40.49:562][800]LogModuleManager: Shutting down and abandoning module TextureAlignMode (470)
[2017.03.14-19.40.49:562][800]LogModuleManager: Shutting down and abandoning module BspMode (468)
[2017.03.14-19.40.49:562][800]LogModuleManager: Shutting down and abandoning module HardwareSurvey (466)
[2017.03.14-19.40.49:562][800]LogModuleManager: Shutting down and abandoning module SequenceRecorderSections (464)
[2017.03.14-19.40.49:562][800]LogModuleManager: Shutting down and abandoning module AutomationWorker (462)
[2017.03.14-19.40.49:562][800]LogModuleManager: Shutting down and abandoning module MatineeToLevelSequence (460)
[2017.03.14-19.40.49:562][800]LogModuleManager: Shutting down and abandoning module LevelSequenceEditor (458)
[2017.03.14-19.40.49:562][800]LogModuleManager: Shutting down and abandoning module PlacementMode (457)
[2017.03.14-19.40.49:563][800]LogModuleManager: Shutting down and abandoning module WmfMediaFactory (454)
[2017.03.14-19.40.49:563][800]LogModuleManager: Shutting down and abandoning module WmfMediaEditor (452)
[2017.03.14-19.40.49:563][800]LogModuleManager: Shutting down and abandoning module MfMediaFactory (450)
[2017.03.14-19.40.49:563][800]LogModuleManager: Shutting down and abandoning module MfMediaEditor (448)
[2017.03.14-19.40.49:563][800]LogModuleManager: Shutting down and abandoning module AvfMediaFactory (446)
[2017.03.14-19.40.49:563][800]LogModuleManager: Shutting down and abandoning module AvfMediaEditor (444)
[2017.03.14-19.40.49:563][800]LogModuleManager: Shutting down and abandoning module AndroidMediaFactory (442)
[2017.03.14-19.40.49:563][800]LogModuleManager: Shutting down and abandoning module Media (441)
[2017.03.14-19.40.49:563][800]LogModuleManager: Shutting down and abandoning module AndroidMediaEditor (438)
[2017.03.14-19.40.49:563][800]LogModuleManager: Shutting down and abandoning module CharacterAI (436)
[2017.03.14-19.40.49:563][800]LogModuleManager: Shutting down and abandoning module AudioCapture (434)
[2017.03.14-19.40.49:563][800]LogModuleManager: Shutting down and abandoning module SequenceRecorder (433)
[2017.03.14-19.40.49:563][800]LogModuleManager: Shutting down and abandoning module SmartSnapping (430)
[2017.03.14-19.40.49:563][800]LogModuleManager: Shutting down and abandoning module SessionServices (428)
[2017.03.14-19.40.49:563][800]LogModuleManager: Shutting down and abandoning module ViewportSnapping (426)
[2017.03.14-19.40.49:563][800]LogModuleManager: Shutting down and abandoning module ViewportInteraction (424)
[2017.03.14-19.40.49:563][800]LogModuleManager: Shutting down and abandoning module LogVisualizer (422)
[2017.03.14-19.40.49:563][800]LogModuleManager: Shutting down and abandoning module IntroTutorials (420)
[2017.03.14-19.40.49:563][800]LogModuleManager: Shutting down and abandoning module GameProjectGeneration (419)
[2017.03.14-19.40.49:563][800]LogModuleManager: Shutting down and abandoning module EditorLiveStreaming (416)
[2017.03.14-19.40.49:563][800]LogModuleManager: Shutting down and abandoning module IOSPlatformEditor (414)
[2017.03.14-19.40.49:563][800]LogModuleManager: Shutting down and abandoning module HTML5PlatformEditor (412)
[2017.03.14-19.40.49:563][800]LogModuleManager: Shutting down and abandoning module AndroidPlatformEditor (410)
[2017.03.14-19.40.49:563][800]LogModuleManager: Shutting down and abandoning module AndroidDeviceDetection (409)
[2017.03.14-19.40.50:219][800]LogModuleManager: Shutting down and abandoning module IOSRuntimeSettings (406)
[2017.03.14-19.40.50:219][800]LogModuleManager: Shutting down and abandoning module AndroidRuntimeSettings (404)
[2017.03.14-19.40.50:219][800]LogModuleManager: Shutting down and abandoning module InputBindingEditor (402)
[2017.03.14-19.40.50:219][800]LogModuleManager: Shutting down and abandoning module NiagaraEditor (400)
[2017.03.14-19.40.50:219][800]LogModuleManager: Shutting down and abandoning module MergeActors (398)
[2017.03.14-19.40.50:219][800]LogModuleManager: Shutting down and abandoning module SizeMap (396)
[2017.03.14-19.40.50:219][800]LogModuleManager: Shutting down and abandoning module TreeMap (394)
[2017.03.14-19.40.50:219][800]LogModuleManager: Shutting down and abandoning module ReferenceViewer (392)
[2017.03.14-19.40.50:219][800]LogModuleManager: Shutting down and abandoning module LocalizationDashboard (390)
[2017.03.14-19.40.50:219][800]LogModuleManager: Shutting down and abandoning module LocalizationService (389)
[2017.03.14-19.40.50:220][800]LogModuleManager: Shutting down and abandoning module HardwareTargeting (386)
[2017.03.14-19.40.50:220][800]LogModuleManager: Shutting down and abandoning module DeviceProfileEditor (384)
[2017.03.14-19.40.50:220][800]LogModuleManager: Shutting down and abandoning module UndoHistory (382)
[2017.03.14-19.40.50:220][800]LogModuleManager: Shutting down and abandoning module UserFeedback (380)
[2017.03.14-19.40.50:220][800]LogModuleManager: Shutting down and abandoning module XmlParser (378)
[2017.03.14-19.40.50:220][800]LogModuleManager: Shutting down and abandoning module Blutility (376)
[2017.03.14-19.40.50:220][800]LogModuleManager: Shutting down and abandoning module ProjectSettingsViewer (374)
[2017.03.14-19.40.50:220][800]LogModuleManager: Shutting down and abandoning module ProjectTargetPlatformEditor (373)
[2017.03.14-19.40.50:220][800]LogModuleManager: Shutting down and abandoning module EditorSettingsViewer (370)
[2017.03.14-19.40.50:220][800]LogModuleManager: Shutting down and abandoning module SettingsEditor (368)
[2017.03.14-19.40.50:220][800]LogModuleManager: Shutting down and abandoning module ProjectLauncher (366)
[2017.03.14-19.40.50:220][800]LogModuleManager: Shutting down and abandoning module SessionFrontend (364)
[2017.03.14-19.40.50:220][800]LogModuleManager: Shutting down and abandoning module ProfilerClient (362)
[2017.03.14-19.40.50:221][800]LogModuleManager: Shutting down and abandoning module DeviceManager (360)
[2017.03.14-19.40.50:221][800]LogModuleManager: Shutting down and abandoning module TargetDeviceServices (359)
[2017.03.14-19.40.50:271][800]LogModuleManager: Shutting down and abandoning module AutomationController (356)
[2017.03.14-19.40.50:271][800]LogModuleManager: Shutting down and abandoning module AutomationWindow (354)
[2017.03.14-19.40.50:271][800]LogModuleManager: Shutting down and abandoning module Layers (352)
[2017.03.14-19.40.50:271][800]LogModuleManager: Shutting down and abandoning module ComponentVisualizers (350)
[2017.03.14-19.40.50:271][800]LogModuleManager: Shutting down and abandoning module DetailCustomizations (348)
[2017.03.14-19.40.50:271][800]LogModuleManager: Shutting down and abandoning module PackagesDialog (346)
[2017.03.14-19.40.50:271][800]LogModuleManager: Shutting down and abandoning module Persona (344)
[2017.03.14-19.40.50:271][800]LogModuleManager: Shutting down and abandoning module AnimGraph (343)
[2017.03.14-19.40.50:271][800]LogModuleManager: Shutting down and abandoning module Kismet (340)
[2017.03.14-19.40.50:272][800]LogModuleManager: Shutting down and abandoning module GraphEditor (338)
[2017.03.14-19.40.50:272][800]LogModuleManager: Shutting down and abandoning module ClassViewer (336)
[2017.03.14-19.40.50:272][800]LogModuleManager: Shutting down and abandoning module Toolbox (334)
[2017.03.14-19.40.50:272][800]LogModuleManager: Shutting down and abandoning module ModuleUI (332)
[2017.03.14-19.40.50:272][800]LogModuleManager: Shutting down and abandoning module MovieSceneTools (330)
[2017.03.14-19.40.50:272][800]LogModuleManager: Shutting down and abandoning module OutputLog (328)
[2017.03.14-19.40.50:272][800]LogModuleManager: Shutting down and abandoning module GammaUI (326)
[2017.03.14-19.40.50:272][800]LogModuleManager: Shutting down and abandoning module Documentation (324)
[2017.03.14-19.40.50:272][800]LogModuleManager: Shutting down and abandoning module Niagara (322)
[2017.03.14-19.40.50:272][800]LogModuleManager: Shutting down and abandoning module StreamingPauseRendering (320)
[2017.03.14-19.40.50:272][800]LogModuleManager: Shutting down and abandoning module AnalyticsET (318)
[2017.03.14-19.40.50:272][800]LogModuleManager: Shutting down and abandoning module PortalServices (316)
[2017.03.14-19.40.50:272][800]LogModuleManager: Shutting down and abandoning module PortalRpc (314)
[2017.03.14-19.40.50:272][800]LogModuleManager: Shutting down and abandoning module MessagingRpc (312)
[2017.03.14-19.40.50:272][800]LogModuleManager: Shutting down and abandoning module AIModule (310)
[2017.03.14-19.40.50:273][800]LogModuleManager: Shutting down and abandoning module GameplayDebugger (309)
[2017.03.14-19.40.50:273][800]LogModuleManager: Shutting down and abandoning module AITestSuite (307)
[2017.03.14-19.40.50:273][800]LogModuleManager: Shutting down and abandoning module ProfilerService (304)
[2017.03.14-19.40.50:285][800]LogModuleManager: Shutting down and abandoning module TaskGraph (302)
[2017.03.14-19.40.50:285][800]LogModuleManager: Shutting down and abandoning module SteamVRController (300)
[2017.03.14-19.40.50:285][800]LogModuleManager: Shutting down and abandoning module SteamVR (298)
[2017.03.14-19.40.50:285][800]LogModuleManager: Shutting down and abandoning module ProceduralMeshComponentEditor (296)
[2017.03.14-19.40.50:285][800]LogModuleManager: Shutting down and abandoning module ProceduralMeshComponent (294)
[2017.03.14-19.40.50:285][800]LogModuleManager: Shutting down and abandoning module OculusLibrary (292)
[2017.03.14-19.40.50:285][800]LogModuleManager: Shutting down and abandoning module OculusInput (290)
[2017.03.14-19.40.50:285][800]LogModuleManager: Shutting down and abandoning module MobilePatchingUtils (288)
[2017.03.14-19.40.50:286][800]LogModuleManager: Shutting down and abandoning module CustomMeshComponent (286)
[2017.03.14-19.40.50:286][800]LogModuleManager: Shutting down and abandoning module CableComponent (284)
[2017.03.14-19.40.50:286][800]LogModuleManager: Shutting down and abandoning module ArchVisCharacter (282)
[2017.03.14-19.40.50:286][800]LogModuleManager: Shutting down and abandoning module MediaPlayerEditor (278)
[2017.03.14-19.40.50:286][800]LogModuleManager: Shutting down and abandoning module HTML5Networking (276)
[2017.03.14-19.40.50:286][800]LogModuleManager: Shutting down and abandoning module AlembicImporter (274)
[2017.03.14-19.40.50:286][800]LogModuleManager: Shutting down and abandoning module AlembicLibrary (273)
[2017.03.14-19.40.50:286][800]LogModuleManager: Shutting down and abandoning module GeometryCache (272)
[2017.03.14-19.40.50:286][800]LogModuleManager: Shutting down and abandoning module GeometryCacheEd (271)
[2017.03.14-19.40.50:286][800]LogModuleManager: Shutting down and abandoning module SuperSearchEditor (266)
[2017.03.14-19.40.50:286][800]LogModuleManager: Shutting down and abandoning module SuperSearch (265)
[2017.03.14-19.40.50:286][800]LogModuleManager: Shutting down and abandoning module SpeedTreeImporter (262)
[2017.03.14-19.40.50:286][800]LogModuleManager: Shutting down and abandoning module PluginBrowser (260)
[2017.03.14-19.40.50:286][800]LogModuleManager: Shutting down and abandoning module MobileLauncherProfileWizard (258)
[2017.03.14-19.40.50:286][800]LogModuleManager: Shutting down and abandoning module EpicSurvey (256)
[2017.03.14-19.40.50:286][800]LogModuleManager: Shutting down and abandoning module VisualStudioSourceCodeAccess (254)
[2017.03.14-19.40.50:286][800]LogModuleManager: Shutting down and abandoning module DesktopPlatform (253)
[2017.03.14-19.40.50:286][800]LogModuleManager: Shutting down and abandoning module UObjectPlugin (250)
[2017.03.14-19.40.50:286][800]LogModuleManager: Shutting down and abandoning module SubversionSourceControl (248)
[2017.03.14-19.40.50:286][800]LogModuleManager: Shutting down and abandoning module PerforceSourceControl (246)
[2017.03.14-19.40.50:286][800]LogModuleManager: Shutting down and abandoning module GitSourceControl (244)
[2017.03.14-19.40.50:286][800]LogModuleManager: Shutting down and abandoning module SourceControl (243)
[2017.03.14-19.40.50:286][800]LogModuleManager: Shutting down and abandoning module LightPropagationVolumeEditor (240)
[2017.03.14-19.40.50:286][800]LogModuleManager: Shutting down and abandoning module PaperTiledImporter (238)
[2017.03.14-19.40.50:286][800]LogModuleManager: Shutting down and abandoning module PaperSpriteSheetImporter (236)
[2017.03.14-19.40.50:286][800]LogModuleManager: Shutting down and abandoning module Paper2DEditor (234)
[2017.03.14-19.40.50:286][800]LogModuleManager: Shutting down and abandoning module MeshPaint (233)
[2017.03.14-19.40.50:286][800]LogModuleManager: Shutting down and abandoning module LevelEditor (231)
[2017.03.14-19.40.50:288][800]LogModuleManager: Shutting down and abandoning module PixelInspectorModule (230)
[2017.03.14-19.40.50:288][800]LogModuleManager: Shutting down and abandoning module MainFrame (228)
[2017.03.14-19.40.50:288][800]LogModuleManager: Shutting down and abandoning module HotReload (227)
[2017.03.14-19.40.50:289][800]LogModuleManager: Shutting down and abandoning module ContentBrowser (223)
[2017.03.14-19.40.50:291][800]LogModuleManager: Shutting down and abandoning module PhysXVehiclesEditor (220)
[2017.03.14-19.40.50:291][800]LogModuleManager: Shutting down and abandoning module PhysXVehicles (218)
[2017.03.14-19.40.50:291][800]LogModuleManager: Shutting down and abandoning module LocationServicesBPLibrary (216)
[2017.03.14-19.40.50:291][800]LogModuleManager: Shutting down and abandoning module UdpMessaging (214)
[2017.03.14-19.40.50:428][800]LogModuleManager: Shutting down and abandoning module TcpMessaging (212)
[2017.03.14-19.40.50:528][800]LogModuleManager: Shutting down and abandoning module GameplayTagsEditor (210)
[2017.03.14-19.40.50:528][800]LogModuleManager: Shutting down and abandoning module FacialAnimationEditor (208)
[2017.03.14-19.40.50:528][800]LogModuleManager: Shutting down and abandoning module FacialAnimation (206)
[2017.03.14-19.40.50:528][800]LogModuleManager: Shutting down and abandoning module LightPropagationVolumeRuntime (204)
[2017.03.14-19.40.50:528][800]LogModuleManager: Shutting down and abandoning module Paper2D (202)
[2017.03.14-19.40.50:528][800]LogModuleManager: Shutting down and abandoning module WindowsMoviePlayer (200)
[2017.03.14-19.40.50:528][800]LogModuleManager: Shutting down and abandoning module WmfMedia (198)
[2017.03.14-19.40.50:533][800]LogModuleManager: Shutting down and abandoning module MfMedia (196)
[2017.03.14-19.40.50:533][800]LogModuleManager: Shutting down and abandoning module MediaAssets (194)
[2017.03.14-19.40.50:533][800]LogModuleManager: Shutting down and abandoning module GameLiveStreaming (192)
[2017.03.14-19.40.50:533][800]LogModuleManager: Shutting down and abandoning module VREditor (190)
[2017.03.14-19.40.50:533][800]LogModuleManager: Shutting down and abandoning module GameplayTasksEditor (188)
[2017.03.14-19.40.50:533][800]LogModuleManager: Shutting down and abandoning module BehaviorTreeEditor (186)
[2017.03.14-19.40.50:533][800]LogModuleManager: Shutting down and abandoning module FunctionalTesting (184)
[2017.03.14-19.40.50:533][800]LogModuleManager: Shutting down and abandoning module CollisionAnalyzer (182)
[2017.03.14-19.40.50:533][800]LogModuleManager: Shutting down and abandoning module UMG (180)
[2017.03.14-19.40.50:533][800]LogModuleManager: Shutting down and abandoning module UMGEditor (179)
[2017.03.14-19.40.50:534][800]LogModuleManager: Shutting down and abandoning module Sequencer (178)
[2017.03.14-19.40.50:534][800]LogModuleManager: Shutting down and abandoning module AssetTools (176)
[2017.03.14-19.40.50:534][800]LogModuleManager: Shutting down and abandoning module MessageLog (175)
[2017.03.14-19.40.50:534][800]LogModuleManager: Shutting down and abandoning module WorkspaceMenuStructure (174)
[2017.03.14-19.40.50:534][800]LogModuleManager: Shutting down and abandoning module SlateReflector (168)
[2017.03.14-19.40.50:534][800]LogModuleManager: Shutting down and abandoning module Slate (166)
[2017.03.14-19.40.50:534][800]LogModuleManager: Shutting down and abandoning module EditorStyle (164)
[2017.03.14-19.40.50:537][800]LogModuleManager: Shutting down and abandoning module SourceCodeAccess (162)
[2017.03.14-19.40.50:537][800]LogModuleManager: Shutting down and abandoning module HeadMountedDisplay (160)
[2017.03.14-19.40.50:537][800]LogModuleManager: Shutting down and abandoning module XAudio2 (158)
[2017.03.14-19.40.50:537][800]LogModuleManager: Shutting down and abandoning module Networking (156)
[2017.03.14-19.40.50:537][800]LogModuleManager: Shutting down and abandoning module Core (152)
[2017.03.14-19.40.50:537][800]LogModuleManager: Shutting down and abandoning module AssetRegistry (150)
[2017.03.14-19.40.50:787][800]LogDirectoryWatcher: A directory notification for '../../../Engine/Content/' was aborted.
[2017.03.14-19.40.50:787][800]LogDirectoryWatcher: A directory notification for 'C:/Users/Korisnik/Documents/GitHub/BoulderGame/BoulderGame/Content/' was aborted.
[2017.03.14-19.40.50:787][800]LogDirectoryWatcher: A directory notification for '../../../Engine/Plugins/2D/Paper2D/Content/' was aborted.
[2017.03.14-19.40.50:788][800]LogModuleManager: Shutting down and abandoning module DirectoryWatcher (149)
[2017.03.14-19.40.50:789][800]LogModuleManager: Shutting down and abandoning module KismetCompiler (146)
[2017.03.14-19.40.50:789][800]LogModuleManager: Shutting down and abandoning module PhysXFormats (144)
[2017.03.14-19.40.50:789][800]LogModuleManager: Shutting down and abandoning module MeshUtilities (142)
[2017.03.14-19.40.50:789][800]LogModuleManager: Shutting down and abandoning module SimplygonSwarm (141)
[2017.03.14-19.40.50:789][800]LogModuleManager: Shutting down and abandoning module SimplygonMeshReduction (139)
[2017.03.14-19.40.50:789][800]LogModuleManager: Shutting down and abandoning module QuadricMeshReduction (137)
[2017.03.14-19.40.50:789][800]LogModuleManager: Shutting down and abandoning module PropertyEditor (135)
[2017.03.14-19.40.50:789][800]LogModuleManager: Shutting down and abandoning module DerivedDataCache (132)
[2017.03.14-19.40.50:855][800]LogDerivedDataCache: Shutdown
[2017.03.14-19.40.50:855][800]LogModuleManager: Shutting down and abandoning module TargetPlatform (130)
[2017.03.14-19.40.50:855][800]LogModuleManager: Shutting down and abandoning module VulkanShaderFormat (129)
[2017.03.14-19.40.50:855][800]LogModuleManager: Shutting down and abandoning module ShaderFormatOpenGL (127)
[2017.03.14-19.40.50:855][800]LogModuleManager: Shutting down and abandoning module ShaderFormatD3D (125)
[2017.03.14-19.40.50:855][800]LogModuleManager: Shutting down and abandoning module MetalShaderFormat (123)
[2017.03.14-19.40.50:855][800]LogModuleManager: Shutting down and abandoning module TextureFormatUncompressed (121)
[2017.03.14-19.40.50:855][800]LogModuleManager: Shutting down and abandoning module TextureFormatPVR (119)
[2017.03.14-19.40.50:855][800]LogModuleManager: Shutting down and abandoning module TextureFormatDXT (117)
[2017.03.14-19.40.50:855][800]LogModuleManager: Shutting down and abandoning module TextureFormatIntelISPCTexComp (115)
[2017.03.14-19.40.50:856][800]LogModuleManager: Shutting down and abandoning module TextureFormatASTC (113)
[2017.03.14-19.40.50:856][800]LogModuleManager: Shutting down and abandoning module ImageWrapper (112)
[2017.03.14-19.40.50:856][800]LogModuleManager: Shutting down and abandoning module TextureFormatAndroid (109)
[2017.03.14-19.40.50:856][800]LogModuleManager: Shutting down and abandoning module AudioFormatOpus (107)
[2017.03.14-19.40.50:856][800]LogModuleManager: Shutting down and abandoning module AudioFormatOgg (105)
[2017.03.14-19.40.50:856][800]LogModuleManager: Shutting down and abandoning module AudioFormatADPCM (103)
[2017.03.14-19.40.50:856][800]LogModuleManager: Shutting down and abandoning module LinuxTargetPlatform (101)
[2017.03.14-19.40.50:856][800]LogModuleManager: Shutting down and abandoning module LinuxServerTargetPlatform (99)
[2017.03.14-19.40.50:856][800]LogModuleManager: Shutting down and abandoning module LinuxNoEditorTargetPlatform (97)
[2017.03.14-19.40.50:856][800]LogModuleManager: Shutting down and abandoning module LinuxClientTargetPlatform (95)
[2017.03.14-19.40.50:856][800]LogModuleManager: Shutting down and abandoning module TVOSTargetPlatform (93)
[2017.03.14-19.40.50:856][800]LogModuleManager: Shutting down and abandoning module Messaging (91)
[2017.03.14-19.40.50:856][800]LogModuleManager: Shutting down and abandoning module IOSTargetPlatform (89)
[2017.03.14-19.40.50:856][800]LogModuleManager: Shutting down and abandoning module HTML5TargetPlatform (87)
[2017.03.14-19.40.50:856][800]LogModuleManager: Shutting down and abandoning module Android_PVRTCTargetPlatform (85)
[2017.03.14-19.40.50:856][800]LogModuleManager: Shutting down and abandoning module Android_MultiTargetPlatform (83)
[2017.03.14-19.40.50:856][800]LogModuleManager: Shutting down and abandoning module Android_ETC2TargetPlatform (81)
[2017.03.14-19.40.50:856][800]LogModuleManager: Shutting down and abandoning module Android_ETC1TargetPlatform (79)
[2017.03.14-19.40.50:856][800]LogModuleManager: Shutting down and abandoning module Android_DXTTargetPlatform (77)
[2017.03.14-19.40.50:856][800]LogModuleManager: Shutting down and abandoning module Android_ATCTargetPlatform (75)
[2017.03.14-19.40.50:856][800]LogModuleManager: Shutting down and abandoning module Android_ASTCTargetPlatform (73)
[2017.03.14-19.40.50:856][800]LogModuleManager: Shutting down and abandoning module AndroidTargetPlatform (71)
[2017.03.14-19.40.50:856][800]LogModuleManager: Shutting down and abandoning module WindowsTargetPlatform (69)
[2017.03.14-19.40.50:856][800]LogModuleManager: Shutting down and abandoning module WindowsServerTargetPlatform (67)
[2017.03.14-19.40.50:856][800]LogModuleManager: Shutting down and abandoning module WindowsNoEditorTargetPlatform (65)
[2017.03.14-19.40.50:856][800]LogModuleManager: Shutting down and abandoning module WindowsClientTargetPlatform (63)
[2017.03.14-19.40.50:856][800]LogModuleManager: Shutting down and abandoning module MacTargetPlatform (61)
[2017.03.14-19.40.50:856][800]LogModuleManager: Shutting down and abandoning module MacServerTargetPlatform (59)
[2017.03.14-19.40.50:856][800]LogModuleManager: Shutting down and abandoning module MacNoEditorTargetPlatform (57)
[2017.03.14-19.40.50:856][800]LogModuleManager: Shutting down and abandoning module MacClientTargetPlatform (55)
[2017.03.14-19.40.50:856][800]LogModuleManager: Shutting down and abandoning module AllDesktopTargetPlatform (53)
[2017.03.14-19.40.50:856][800]LogModuleManager: Shutting down and abandoning module InputCore (50)
[2017.03.14-19.40.50:856][800]LogModuleManager: Shutting down and abandoning module Settings (48)
[2017.03.14-19.40.50:856][800]LogModuleManager: Shutting down and abandoning module OculusRift (46)
[2017.03.14-19.40.50:856][800]LogModuleManager: Shutting down and abandoning module ExampleDeviceProfileSelector (44)
[2017.03.14-19.40.50:856][800]LogModuleManager: Shutting down and abandoning module OnlineBlueprintSupport (42)
[2017.03.14-19.40.50:856][800]LogModuleManager: Shutting down and abandoning module OnlineSubsystem (38)
[2017.03.14-19.40.50:856][800]LogOnline:Display: Unloading online subsystem: NULL
[2017.03.14-19.40.50:856][800]LogModuleManager: Shutting down and abandoning module XMPP (37)
[2017.03.14-19.40.50:856][800]LogModuleManager: Shutting down and abandoning module HTTP (35)
[2017.03.14-19.40.50:856][800]LogHttp:Display: Http module shutting down, but needs to wait on 1 outstanding Http requests:
[2017.03.14-19.40.50:856][800]LogHttp:Display: 	verb=[POST] url=[https://datarouter.ol.epicgames.com/datarouter/api/v1/public/data?SessionID=%7B318B59F5-4816-80FA-0A15-4A91ED2172E3%7D&AppID=UEEditor.Rocket.Release&AppVersion=4.15.0-3299760%2B%2B%2BUE4%2BRelease-4.15&UserID=7b1993e542d7730b94ec819b9d96468a%7Ca62fd153ba67495cb6fb72a58f70d426%7C5a127e30-f964-4485-a06c-83d91b885efa&AppEnvironment=datacollector-binary&UploadType=eteventstream] status=Processing
[2017.03.14-19.40.50:885][800]LogModuleManager: Shutting down and abandoning module SSL (34)
[2017.03.14-19.40.50:887][800]LogModuleManager: Shutting down and abandoning module AudioEditor (30)
[2017.03.14-19.40.50:887][800]LogModuleManager: Shutting down and abandoning module TextureCompressor (28)
[2017.03.14-19.40.50:887][800]LogModuleManager: Shutting down and abandoning module ShaderCore (26)
[2017.03.14-19.40.50:887][800]LogModuleManager: Shutting down and abandoning module Landscape (24)
[2017.03.14-19.40.50:887][800]LogModuleManager: Shutting down and abandoning module SlateRHIRenderer (22)
[2017.03.14-19.40.50:898][800]LogModuleManager: Shutting down and abandoning module OpenGLDrv (20)
[2017.03.14-19.40.50:898][800]LogModuleManager: Shutting down and abandoning module D3D11RHI (18)
[2017.03.14-19.40.50:898][800]LogModuleManager: Shutting down and abandoning module AnimGraphRuntime (16)
[2017.03.14-19.40.50:898][800]LogModuleManager: Shutting down and abandoning module Renderer (14)
[2017.03.14-19.40.50:898][800]LogModuleManager: Shutting down and abandoning module Engine (12)
[2017.03.14-19.40.50:898][800]LogModuleManager: Shutting down and abandoning module CoreUObject (10)
[2017.03.14-19.40.50:898][800]LogModuleManager: Shutting down and abandoning module NetworkFile (8)
[2017.03.14-19.40.50:898][800]LogModuleManager: Shutting down and abandoning module StreamingFile (6)
[2017.03.14-19.40.50:898][800]LogModuleManager: Shutting down and abandoning module SandboxFile (4)
[2017.03.14-19.40.50:898][800]LogModuleManager: Shutting down and abandoning module PakFile (2)
[2017.03.14-19.40.50:900][800]LogExit: Exiting.
[2017.03.14-19.40.50:912][800]Log file closed, 03/14/17 20:40:50
