Log file open, 03/26/17 12:33:57
LogInit:Display: Running engine for game: BoulderGame
LogPlatformFile: Not using cached read wrapper
LogInit:Display: RandInit(-1585930849) SRandInit(-1585930848).
LogTaskGraph: Started task graph with 5 named threads and 6 total threads with 1 sets of task threads.
LogStats: Stats thread started at 0.100709
LogInit: Using libcurl 7.47.1
LogInit:  - built for x86_64-pc-win32
LogInit:  - supports SSL with OpenSSL/1.0.2g
LogInit:  - supports HTTP deflate (compression) using libz 1.2.8
LogInit:  - other features:
LogInit:      CURL_VERSION_SSL
LogInit:      CURL_VERSION_LIBZ
LogInit:      CURL_VERSION_IPV6
LogInit:      CURL_VERSION_ASYNCHDNS
LogInit:      CURL_VERSION_LARGEFILE
LogInit:      CURL_VERSION_IDN
LogInit:  CurlRequestOptions (configurable via config and command line):
LogInit:  - bVerifyPeer = false  - Libcurl will NOT verify peer certificate
LogInit:  - bUseHttpProxy = false  - Libcurl will NOT use HTTP proxy
LogInit:  - bDontReuseConnections = false  - Libcurl will reuse connections
LogInit:  - CertBundlePath = nullptr  - Libcurl will use whatever was configured at build time.
LogInit: Build: ++UE4+Release-4.15-CL-3299760
LogInit: Engine Version: 4.15.0-3299760+++UE4+Release-4.15
LogInit: Compatible Engine Version: 4.15.0-3299760+++UE4+Release-4.15
LogInit: Net CL: 3299760
LogDevObjectVersion: Number of dev versions registered: 14
LogDevObjectVersion:   Dev-Blueprints (B0D832E4-1F89-4F0D-ACCF-7EB736FD4AA2): 8
LogDevObjectVersion:   Dev-Build (E1C64328-A22C-4D53-A36C-8E866417BD8C): 0
LogDevObjectVersion:   Dev-Core (375EC13C-06E4-48FB-B500-84F0262A717E): 2
LogDevObjectVersion:   Dev-Editor (E4B068ED-F494-42E9-A231-DA0B2E46BB41): 14
LogDevObjectVersion:   Dev-Framework (CFFC743F-43B0-4480-9391-14DF171D2073): 22
LogDevObjectVersion:   Dev-Mobile (B02B49B5-BB20-44E9-A304-32B752E40360): 0
LogDevObjectVersion:   Dev-Networking (A4E4105C-59A1-49B5-A7C5-40C4547EDFEE): 0
LogDevObjectVersion:   Dev-Online (39C831C9-5AE6-47DC-9A44-9C173E1C8E7C): 0
LogDevObjectVersion:   Dev-Physics (78F01B33-EBEA-4F98-B9B4-84EACCB95AA2): 0
LogDevObjectVersion:   Dev-Platform (6631380F-2D4D-43E0-8009-CF276956A95A): 0
LogDevObjectVersion:   Dev-Rendering (12F88B9F-8875-4AFC-A67C-D90C383ABD29): 12
LogDevObjectVersion:   Dev-Sequencer (7B5AE74C-D270-4C10-A958-57980B212A5A): 3
LogDevObjectVersion:   Dev-VR (D7296918-1DD6-4BDD-9DE2-64A83CC13884): 0
LogDevObjectVersion:   Dev-LoadTimes (C2A15278-BFE7-4AFE-6C17-90FF531DF755): 1
LogInit: Compiled (64-bit): Feb 14 2017 02:04:14
LogInit: Compiled with Visual C++: 19.00.23026.00
LogInit: Build Configuration: Development
LogInit: Branch Name: ++UE4+Release-4.15
LogInit: Command line: -EpicPortal 
LogInit: Base directory: D:/UE_4.15/Engine/Binaries/Win64/
LogInit: Installed Engine Build: 1
LogInit: Presizing for max 8388607 objects, including 0 objects not considered by GC, pre-allocating 0 bytes for permanent pool.
LogInit: Object subsystem initialized
[2017.03.26-10.33.59:543][  0]LogInit: Selected Device Profile: [Windows]
[2017.03.26-10.33.59:543][  0]LogInit: Applying CVar settings loaded from the selected device profile: [Windows]
[2017.03.26-10.33.59:594][  0]LogInit: Computer: ALEKSANDARPC
[2017.03.26-10.33.59:594][  0]LogInit: User: Korisnik
[2017.03.26-10.33.59:594][  0]LogInit: CPU Page size=65536, Cores=2
[2017.03.26-10.33.59:594][  0]LogInit: High frequency timer resolution =2.924414 MHz
[2017.03.26-10.33.59:594][  0]LogMemory: Memory total: Physical=7.9GB (8GB approx)
[2017.03.26-10.33.59:594][  0]LogMemory: Platform Memory Stats for Windows
[2017.03.26-10.33.59:594][  0]LogMemory: Process Physical Memory: 264.14 MB used, 264.14 MB peak
[2017.03.26-10.33.59:594][  0]LogMemory: Process Virtual Memory: 264.76 MB used, 264.76 MB peak
[2017.03.26-10.33.59:594][  0]LogMemory: Physical Memory: 5708.72 MB used,  2427.94 MB free, 8136.66 MB total
[2017.03.26-10.33.59:594][  0]LogMemory: Virtual Memory: 631.80 MB used,  2427.94 MB free, 8388608.00 MB total
[2017.03.26-10.33.59:794][  0]LogTextLocalizationManager: No translations for ('sr-Latn-RS') exist, falling back to 'en' for localization and internationalization data.
[2017.03.26-10.34.01:050][  0]LogD3D11RHI: D3D11 adapters:
[2017.03.26-10.34.01:078][  0]LogD3D11RHI:    0. 'AMD Radeon R7 200 Series' (Feature Level 11_0)
[2017.03.26-10.34.01:078][  0]LogD3D11RHI:       1003/0/3812 MB DedicatedVideo/DedicatedSystem/SharedSystem, Outputs:1, VendorId:0x1002
[2017.03.26-10.34.01:078][  0]LogD3D11RHI: Chosen D3D11 Adapter: 0
[2017.03.26-10.34.01:090][  0]LogD3D11RHI: Creating new Direct3DDevice
[2017.03.26-10.34.01:090][  0]LogD3D11RHI:     GPU DeviceId: 0x683f (for the marketing name, search the web for "GPU Device Id")
[2017.03.26-10.34.01:090][  0]LogWindows: EnumDisplayDevices:
[2017.03.26-10.34.01:091][  0]LogWindows:    0. 'AMD Radeon R7 200 Series' (P:1 D:1)
[2017.03.26-10.34.01:091][  0]LogWindows:    1. 'AMD Radeon R7 200 Series' (P:0 D:0)
[2017.03.26-10.34.01:092][  0]LogWindows:    2. 'AMD Radeon R7 200 Series' (P:0 D:0)
[2017.03.26-10.34.01:093][  0]LogWindows:    3. 'AMD Radeon R7 200 Series' (P:0 D:0)
[2017.03.26-10.34.01:093][  0]LogWindows:    4. 'RDPDD Chained DD' (P:0 D:0)
[2017.03.26-10.34.01:093][  0]LogWindows:    5. 'RDP Encoder Mirror Driver' (P:0 D:0)
[2017.03.26-10.34.01:094][  0]LogWindows:    6. 'RDP Reflector Display Driver' (P:0 D:0)
[2017.03.26-10.34.01:094][  0]LogWindows: DebugString: GetVideoDriverDetailsInvalid PrimaryIsNotTheChoosenAdapter GetVideoDriverDetailsInvalid PrimaryIsNotTheChoosenAdapter GetVideoDriverDetailsInvalid PrimaryIsNotTheChoosenAdapter FoundDriverCount:4 
[2017.03.26-10.34.01:094][  0]LogD3D11RHI:     Adapter Name: AMD Radeon R7 200 Series
[2017.03.26-10.34.01:094][  0]LogD3D11RHI:   Driver Version: Catalyst 15.6 Beta (internal:14.502.1014.1001, unified:14.502.1014.1001)
[2017.03.26-10.34.01:094][  0]LogD3D11RHI:      Driver Date: 6-19-2015
[2017.03.26-10.34.01:094][  0]LogRHI: Texture pool is 702 MB (70% of 1003 MB)
[2017.03.26-10.34.01:149][  0]LogD3D11RHI: Async texture creation enabled
[2017.03.26-10.34.01:163][  0]LogD3D11RHI: GPU Timing Frequency: 27.000000 (Debug: 2 1)
[2017.03.26-10.34.01:164][  0]LogShaderCompilers: Guid format shader working directory is -9 characters bigger than the processId version (C:/Users/Korisnik/Documents/GitHub/BoulderGame/BoulderGame/Intermediate/Shaders/WorkingDirectory/6784/).
[2017.03.26-10.34.01:164][  0]LogShaderCompilers: Cleaned the shader compiler working directory 'C:/Users/Korisnik/AppData/Local/Temp/UnrealShaderWorkingDir/C1DE5E6B4A93411A9B6A37A9FA12772D/'.
[2017.03.26-10.34.01:164][  0]LogShaderCompilers:Display: Using Local Shader Compiler.
[2017.03.26-10.34.03:947][  0]LogTemp:Display: Loaded TP AllDesktopTargetPlatform
[2017.03.26-10.34.04:071][  0]LogTemp:Display: Loaded TP MacClientTargetPlatform
[2017.03.26-10.34.04:198][  0]LogTemp:Display: Loaded TP MacNoEditorTargetPlatform
[2017.03.26-10.34.04:318][  0]LogTemp:Display: Loaded TP MacServerTargetPlatform
[2017.03.26-10.34.04:427][  0]LogTemp:Display: Loaded TP MacTargetPlatform
[2017.03.26-10.34.04:538][  0]LogTemp:Display: Loaded TP WindowsClientTargetPlatform
[2017.03.26-10.34.04:647][  0]LogTemp:Display: Loaded TP WindowsNoEditorTargetPlatform
[2017.03.26-10.34.04:751][  0]LogTemp:Display: Loaded TP WindowsServerTargetPlatform
[2017.03.26-10.34.04:837][  0]LogTemp:Display: Loaded TP WindowsTargetPlatform
[2017.03.26-10.34.04:950][  0]LogTemp:Display: Loaded TP AndroidTargetPlatform
[2017.03.26-10.34.05:064][  0]LogTemp:Display: Loaded TP Android_ASTCTargetPlatform
[2017.03.26-10.34.05:177][  0]LogTemp:Display: Loaded TP Android_ATCTargetPlatform
[2017.03.26-10.34.05:289][  0]LogTemp:Display: Loaded TP Android_DXTTargetPlatform
[2017.03.26-10.34.05:396][  0]LogTemp:Display: Loaded TP Android_ETC1TargetPlatform
[2017.03.26-10.34.05:501][  0]LogTemp:Display: Loaded TP Android_ETC2TargetPlatform
[2017.03.26-10.34.05:720][  0]LogTemp:Display: Loaded TP Android_MultiTargetPlatform
[2017.03.26-10.34.05:720][  0]LogTemp:Display: Loaded TP Android_PVRTCTargetPlatform
[2017.03.26-10.34.05:795][  0]LogTemp:Display: Loaded TP HTML5TargetPlatform
[2017.03.26-10.34.05:966][  0]LogTemp:Display: Loaded TP IOSTargetPlatform
[2017.03.26-10.34.06:033][  0]LogTemp:Display: Loaded TP TVOSTargetPlatform
[2017.03.26-10.34.06:145][  0]LogTemp:Display: Loaded TP LinuxClientTargetPlatform
[2017.03.26-10.34.06:258][  0]LogTemp:Display: Loaded TP LinuxNoEditorTargetPlatform
[2017.03.26-10.34.06:367][  0]LogTemp:Display: Loaded TP LinuxServerTargetPlatform
[2017.03.26-10.34.06:484][  0]LogTemp:Display: Loaded TP LinuxTargetPlatform
[2017.03.26-10.34.06:484][  0]LogTargetPlatformManager:Display: Building Assets For Windows
[2017.03.26-10.34.07:413][  0]LogDerivedDataCache:Display: Max Cache Size: 512 MB
[2017.03.26-10.34.07:542][  0]LogDerivedDataCache: Loaded boot cache 0.13s 50MB C:/Users/Korisnik/AppData/Local/UnrealEngine/4.15/DerivedDataCache/Boot.ddc.
[2017.03.26-10.34.07:542][  0]LogDerivedDataCache:Display: Loaded Boot cache: C:/Users/Korisnik/AppData/Local/UnrealEngine/4.15/DerivedDataCache/Boot.ddc
[2017.03.26-10.34.07:543][  0]LogDerivedDataCache: FDerivedDataBackendGraph:  Pak pak cache file C:/Users/Korisnik/Documents/GitHub/BoulderGame/BoulderGame/DerivedDataCache/DDC.ddp not found, will not use a pak cache.
[2017.03.26-10.34.07:543][  0]LogDerivedDataCache: Unable to find inner node Pak for hierarchical cache Hierarchy.
[2017.03.26-10.34.07:543][  0]LogDerivedDataCache: FDerivedDataBackendGraph:  CompressedPak pak cache file C:/Users/Korisnik/Documents/GitHub/BoulderGame/BoulderGame/DerivedDataCache/Compressed.ddp not found, will not use a pak cache.
[2017.03.26-10.34.07:543][  0]LogDerivedDataCache: Unable to find inner node CompressedPak for hierarchical cache Hierarchy.
[2017.03.26-10.34.07:578][  0]LogDerivedDataCache:Display: Pak cache opened for reading ../../../Engine/DerivedDataCache/Compressed.ddp.
[2017.03.26-10.34.07:591][  0]LogDerivedDataCache: Using Local data cache path C:/Users/Korisnik/AppData/Local/UnrealEngine/Common/DerivedDataCache: Writable
[2017.03.26-10.34.07:610][  0]LogSlate: Using Freetype 2.6.0
[2017.03.26-10.34.07:611][  0]LogSlate: SlateFontCache - WITH_FREETYPE: 1, WITH_HARFBUZZ: 1
[2017.03.26-10.34.07:611][  0]LogSlate: SlateFontCache - WITH_FREETYPE: 1, WITH_HARFBUZZ: 1
[2017.03.26-10.34.08:191][  0]LogInit: Selected Device Profile: [Windows]
[2017.03.26-10.34.08:198][  0]LogContentStreaming: Texture pool size is 0.00 MB
[2017.03.26-10.34.08:584][  0]LogMeshUtilities: Using QuadricMeshReduction for automatic static mesh reduction
[2017.03.26-10.34.08:694][  0]LogSimplygon: Simplygon DLL not present - disabling.
[2017.03.26-10.34.08:782][  0]LogMeshUtilities: Using SimplygonSwarm for distributed automatic mesh merging
[2017.03.26-10.34.08:782][  0]LogMeshUtilities: No automatic skeletal mesh reduction module available
[2017.03.26-10.34.08:782][  0]LogMeshUtilities: No automatic mesh merging module available
[2017.03.26-10.34.09:812][  0]LogNetVersion: GetLocalNetworkVersion: CL: 3299760, ProjectName: bouldergame, ProjectVersion: , EngineNetworkVersion: 2, GameNetworkVersion: 0, NetworkChecksum: 1810393528
[2017.03.26-10.34.09:873][  0]LogAssetRegistry: FAssetRegistry took 0.0201 seconds to start up
[2017.03.26-10.34.09:940][  0]LogPackageLocalizationCache: Processed 3 localized package path(s) for 1 prioritized culture(s) in 0.019911 seconds
[2017.03.26-10.34.09:951][  0]LogUObjectArray: 32475 objects as part of root set at end of initial load.
[2017.03.26-10.34.09:951][  0]LogUObjectAllocator: 7073360 out of 0 bytes used by permanent object pool.
[2017.03.26-10.34.09:951][  0]LogUObjectArray: CloseDisregardForGC: 0/0 objects in disregard for GC pool
[2017.03.26-10.34.10:067][  0]LogInit: WinSock: version 1.1 (2.2), MaxSocks=32767, MaxUdp=65467
[2017.03.26-10.34.13:337][  0]LogTcpMessaging: Initializing TcpMessaging bridge
[2017.03.26-10.34.13:409][  0]LogUdpMessaging: Initializing bridge on interface 0.0.0.0:0 to multicast group 230.0.0.1:6666.
[2017.03.26-10.34.14:337][  0]LogMaterial: Uniform references updated for custom material expression Custom.
[2017.03.26-10.34.15:125][  0]SourceControl: Info Source control is disabled
[2017.03.26-10.34.22:004][  0]LogEngine: Initializing Engine...
[2017.03.26-10.34.22:005][  0]LogHMD: Failed to initialize OpenVR with code 110
[2017.03.26-10.34.22:461][  0]LogAIModule: Creating AISystem for world Untitled
[2017.03.26-10.34.22:500][  0]LogInit: XAudio2 using 'Speakers (Realtek High Definition Audio)' : 2 channels at 48 kHz using 32 bits per sample (channel mask 0x3)
[2017.03.26-10.34.22:530][  0]LogInit: FAudioDevice initialized.
[2017.03.26-10.34.22:597][  0]LogDerivedDataCache: Saved boot cache 0.07s 50MB C:/Users/Korisnik/AppData/Local/UnrealEngine/4.15/DerivedDataCache/Boot.ddc.
[2017.03.26-10.34.22:616][  0]LogInit: Texture streaming: Enabled
[2017.03.26-10.34.22:778][  0]LogEngineSessionManager: EngineSessionManager initialized
[2017.03.26-10.34.22:981][  0]LogInit: Transaction tracking system initialized
[2017.03.26-10.34.23:695][  0]BlueprintLog: New page: Editor Load
[2017.03.26-10.34.25:638][  0]LocalizationService: Info Localization service is disabled
[2017.03.26-10.34.27:058][  0]LogConsoleResponse:Display: 
[2017.03.26-10.34.27:426][  0]LogCook:Display: Max memory allowance for cook 16384mb min free memory 0mb
[2017.03.26-10.34.27:426][  0]LogCook:Display: Mobile HDR setting 1
[2017.03.26-10.34.27:981][  0]LogFileCache: Scanning file cache for directory 'C:/Users/Korisnik/Documents/GitHub/BoulderGame/BoulderGame/Content/' took 0.02s
[2017.03.26-10.34.30:077][  0]Cmd: MAP LOAD FILE="C:/Users/Korisnik/Documents/GitHub/BoulderGame/BoulderGame/Content/RollingBP/Maps/RollingBPExampleMap.umap" TEMPLATE=0 SHOWPROGRESS=1 FEATURELEVEL=3
[2017.03.26-10.34.30:078][  0]LightingResults: New page: Lighting Build
[2017.03.26-10.34.30:160][  0]MapCheck: New page: Map Check
[2017.03.26-10.34.30:160][  0]LightingResults: New page: Lighting Build
[2017.03.26-10.34.32:508][  0]LogAIModule: Creating AISystem for world RollingBPExampleMap
[2017.03.26-10.34.39:452][  0]LogEditorServer: Finished looking for orphan Actors (0.000 secs)
[2017.03.26-10.34.39:491][  0]Cmd: MAP CHECKDEP NOCLEARLOG
[2017.03.26-10.34.39:621][  0]MapCheck: Info Map check complete: 0 Error(s), 0 Warning(s), took 129.764ms to complete.
[2017.03.26-10.34.39:621][  0]LogFileHelpers: Loading map 'RollingBPExampleMap' took 9.543
[2017.03.26-10.34.44:093][  0]LogCollectionManager: Loaded 0 collections in 0.005348 seconds
[2017.03.26-10.34.44:270][  0]LogFileCache: Scanning file cache for directory 'C:/Users/Korisnik/Documents/GitHub/BoulderGame/BoulderGame/Saved/Collections/' took 0.01s
[2017.03.26-10.34.44:270][  0]LogFileCache: Scanning file cache for directory 'C:/Users/Korisnik/Documents/GitHub/BoulderGame/BoulderGame/Content/Developers/Korisnik/Collections/' took 0.01s
[2017.03.26-10.34.44:270][  0]LogFileCache: Scanning file cache for directory 'C:/Users/Korisnik/Documents/GitHub/BoulderGame/BoulderGame/Content/Collections/' took 0.01s
[2017.03.26-10.34.44:270][  0]LogCollectionManager: Rebuilt the GUID cache for 0 collections in 0.000003 seconds
[2017.03.26-10.34.44:296][  0]LogContentBrowser: Native class hierarchy populated in 0.0237 seconds. Added 2244 classes and 450 folders.
[2017.03.26-10.34.44:305][  0]LogStats: UGameplayTagsManager::ConstructGameplayTagTree: Construct from data asset -  0.000 s
[2017.03.26-10.34.44:305][  0]LogStats: UGameplayTagsManager::ConstructGameplayTagTree: GameplayTagTreeChangedEvent.Broadcast -  0.000 s
[2017.03.26-10.34.44:438][  0]LogContentBrowser: Native class hierarchy updated for 'WidgetCarousel' in 0.0010 seconds. Added 0 classes and 0 folders.
[2017.03.26-10.34.45:758][  0]LogContentBrowser: Native class hierarchy updated for 'AddContentDialog' in 0.0012 seconds. Added 0 classes and 0 folders.
[2017.03.26-10.34.46:023][  0]LogContentBrowser: Native class hierarchy updated for 'SceneOutliner' in 0.0015 seconds. Added 1 classes and 2 folders.
[2017.03.26-10.34.46:716][  0]LogCrashTracker: Crashtracker disabled due to settings.
[2017.03.26-10.34.46:874][  0]LogUObjectGlobals:Warning: Failed to find object 'Class None.'
[2017.03.26-10.34.47:008][  0]LogContentBrowser: Native class hierarchy updated for 'HierarchicalLODOutliner' in 0.0012 seconds. Added 1 classes and 2 folders.
[2017.03.26-10.34.47:009][  0]LogLoad: (Engine Initialization) Total time: 51.54 seconds
[2017.03.26-10.34.47:009][  0]LogLoad: (Engine Initialization) Total Blueprint compile time: 0.33 seconds
[2017.03.26-10.34.47:009][  0]LogExternalProfiler: Found external profiler: VSPerf
[2017.03.26-10.34.47:009][  0]LogExternalProfiler: Using external profiler: VSPerf
[2017.03.26-10.34.47:020][  0]LogOcInput: OculusInput pre-init called
[2017.03.26-10.34.47:080][  0]SourceControl: Info On branch master
[2017.03.26-10.34.47:080][  0]SourceControl: Info Your branch is ahead of 'origin/master' by 1 commit.
[2017.03.26-10.34.47:080][  0]SourceControl: Info   (use "git push" to publish your local commits)
[2017.03.26-10.34.47:080][  0]SourceControl: Info Changes not staged for commit:
[2017.03.26-10.34.47:080][  0]SourceControl: Info   (use "git add/rm <file>..." to update what will be committed)
[2017.03.26-10.34.47:080][  0]SourceControl: Info   (use "git checkout -- <file>..." to discard changes in working directory)
[2017.03.26-10.34.47:080][  0]SourceControl: Info 	modified:   BoulderGame/Intermediate/CachedAssetRegistry.bin
[2017.03.26-10.34.47:080][  0]SourceControl: Info 	modified:   BoulderGame/Saved/Config/Windows/Engine.ini
[2017.03.26-10.34.47:080][  0]SourceControl: Info 	deleted:    BoulderGame/Saved/Logs/BoulderGame-backup-2017.03.14-20.29.21.log
[2017.03.26-10.34.47:080][  0]SourceControl: Info 	modified:   BoulderGame/Saved/Logs/BoulderGame.log
[2017.03.26-10.34.47:080][  0]SourceControl: Info 	deleted:    BoulderGame/Saved/Logs/UE4CC-Windows-6979157847DAD71C910C2CB0B57F6E1D/CrashReportClient.ini
[2017.03.26-10.34.47:080][  0]SourceControl: Info 	deleted:    BoulderGame/Saved/Logs/UE4CC-Windows-E6C194CA444F04E4770167B5F93F6E8F/CrashReportClient.ini
[2017.03.26-10.34.47:080][  0]SourceControl: Info Untracked files:
[2017.03.26-10.34.47:080][  0]SourceControl: Info   (use "git add <file>..." to include in what will be committed)
[2017.03.26-10.34.47:080][  0]SourceControl: Info 	BoulderGame/Saved/Logs/BoulderGame-backup-2017.03.26-12.33.57.log
[2017.03.26-10.34.47:080][  0]SourceControl: Info 	BoulderGame/Saved/Logs/UE4CC-Windows-E9606F204BF0B90906498DA883A05019/
[2017.03.26-10.34.47:080][  0]SourceControl: Info no changes added to commit (use "git add" and/or "git commit -a")
[2017.03.26-10.34.47:081][  0]LogContentStreaming: Texture pool size now 1000 MB
[2017.03.26-10.34.47:084][  0]LogSlate: Took 0.000489 seconds to synchronously load lazily loaded font '../../../Engine/Content/Slate/Fonts/Roboto-Regular.ttf' (155K)
[2017.03.26-10.34.47:092][  0]LogSlate: Took 0.000701 seconds to synchronously load lazily loaded font '../../../Engine/Content/Slate/Fonts/Roboto-Bold.ttf' (160K)
[2017.03.26-10.34.47:145][  0]LogSlate: Took 0.011012 seconds to synchronously load lazily loaded font '../../../Engine/Content/Editor/Slate/Fonts/FontAwesome.ttf' (139K)
[2017.03.26-10.34.48:054][  0]LogRenderer: Reallocating scene render targets to support 1208x600 NumSamples 1 (Frame:2).
[2017.03.26-10.34.49:316][  3]LogAssetRegistry: Asset discovery search completed in 39.4633 seconds
[2017.03.26-10.34.49:316][  3]LogCollectionManager: Rebuilt the object cache for 0 collections in 0.000017 seconds (found 0 objects)
[2017.03.26-10.34.49:316][  3]LogCollectionManager: Fixed up redirectors for 0 collections in 0.000047 seconds (updated 0 objects)
[2017.03.26-10.34.52:105][105]LogSlate: Took 0.098695 seconds to synchronously load lazily loaded font '../../../Engine/Content/Slate/Fonts/Roboto-Light.ttf' (159K)
[2017.03.26-10.35.43:434][642]SourceControl: Info fatal: D:/UE_4.15/Engine/Content/: 'D:/UE_4.15/Engine/Content/' is outside repository
[2017.03.26-10.35.43:675][642]LogPackageName:Error: Illegal call to DoesPackageExist: 'C:/Users/Korisnik/Documents/GitHub/BoulderGame/BoulderGame/BoulderGame.uproject' is not a standard unreal filename or a long path name. Reason: Path should be no less than 4 characters long.
[2017.03.26-10.35.44:548][642]LogStats: FPlatformStackWalk::StackWalkAndDump -  0.873 s
[2017.03.26-10.35.44:548][642]LogOutputDevice:Error: === Handled ensure: ===
[2017.03.26-10.35.44:548][642]LogOutputDevice:Error: 
[2017.03.26-10.35.44:548][642]LogOutputDevice:Error: Ensure condition failed: false [File:D:\Build\++UE4+Release-4.15+Compile\Sync\Engine\Source\Runtime\CoreUObject\Private\Misc\PackageName.cpp] [Line: 650]
[2017.03.26-10.35.44:548][642]LogOutputDevice:Error: Illegal call to DoesPackageExist: 'C:/Users/Korisnik/Documents/GitHub/BoulderGame/BoulderGame/BoulderGame.uproject' is not a standard unreal filename or a long path name. Reason: Path should be no less than 4 characters long.
[2017.03.26-10.35.44:548][642]LogOutputDevice:Error: Stack: 
[2017.03.26-10.35.44:548][642]LogOutputDevice:Error: UE4Editor-Core.dll!0x00000000D38795D6
[2017.03.26-10.35.44:548][642]LogOutputDevice:Error: UE4Editor-Core.dll!0x00000000D3629B72
[2017.03.26-10.35.44:548][642]LogOutputDevice:Error: UE4Editor-Core.dll!0x00000000D363B656
[2017.03.26-10.35.44:548][642]LogOutputDevice:Error: UE4Editor-CoreUObject.dll!0x00000000D2F0A6B8
[2017.03.26-10.35.44:548][642]LogOutputDevice:Error: UE4Editor-SourceControl.dll!0x00000000C8B83D22
[2017.03.26-10.35.44:548][642]LogOutputDevice:Error: UE4Editor-SourceControl.dll!0x00000000C8B83EB9
[2017.03.26-10.35.44:548][642]LogOutputDevice:Error: UE4Editor-SourceControlWindows.dll!0x00000000C5821D2E
[2017.03.26-10.35.44:548][642]LogOutputDevice:Error: UE4Editor-SourceControlWindows.dll!0x00000000C57DB4B5
[2017.03.26-10.35.44:548][642]LogOutputDevice:Error: UE4Editor-SourceControlWindows.dll!0x00000000C57DAA8D
[2017.03.26-10.35.44:548][642]LogOutputDevice:Error: UE4Editor-SourceControlWindows.dll!0x00000000C57EF274
[2017.03.26-10.35.44:548][642]LogOutputDevice:Error: UE4Editor-GitSourceControl.dll!0x00000000BE1CB851
[2017.03.26-10.35.44:548][642]LogOutputDevice:Error: UE4Editor-GitSourceControl.dll!0x00000000BE1DD1ED
[2017.03.26-10.35.44:548][642]LogOutputDevice:Error: UE4Editor-SourceControl.dll!0x00000000C8B89C5C
[2017.03.26-10.35.44:548][642]LogOutputDevice:Error: UE4Editor-UnrealEd.dll!0x00000000CC387517
[2017.03.26-10.35.44:548][642]LogOutputDevice:Error: UE4Editor-UnrealEd.dll!0x00000000CCB91AD6
[2017.03.26-10.35.44:548][642]LogOutputDevice:Error: UE4Editor.exe!0x000000003F0EDEE3
[2017.03.26-10.35.44:548][642]LogOutputDevice:Error: UE4Editor.exe!0x000000003F0DEB40
[2017.03.26-10.35.44:548][642]LogOutputDevice:Error: UE4Editor.exe!0x000000003F0DEBBA
[2017.03.26-10.35.44:548][642]LogOutputDevice:Error: UE4Editor.exe!0x000000003F0F0A29
[2017.03.26-10.35.44:548][642]LogOutputDevice:Error: UE4Editor.exe!0x000000003F0F22B6
[2017.03.26-10.35.44:548][642]LogOutputDevice:Error: kernel32.dll!0x0000000077AF59CD
[2017.03.26-10.35.44:548][642]LogOutputDevice:Error: ntdll.dll!0x0000000077C2A561
[2017.03.26-10.35.44:548][642]LogOutputDevice:Error: 
[2017.03.26-10.35.44:555][642]LogStats:                SubmitErrorReport -  0.000 s
